This is pdfTeX, Version 3.141592653-2.6-1.40.27 (MiKTeX 25.4) (preloaded format=pdflatex 2025.11.13)  3 DEC 2025 14:44
entering extended mode
 restricted \write18 enabled.
 %&-line parsing enabled.
**"c:/Users/John/Documents/TEMPORAL SANTIAGO/CONTAPP/Monografia-Modulo-Configuracion/PlantillaTesis.tex"
(c:/Users/John/Documents/TEMPORAL SANTIAGO/CONTAPP/Monografia-Modulo-Configuracion/PlantillaTesis.tex
LaTeX2e <2025-11-01>
L3 programming layer <2025-10-24>
(C:\Users\John\AppData\Local\Programs\MiKTeX\tex/latex/koma-script\scrbook.cls
Document Class: scrbook 2025/09/09 v3.48 KOMA-Script document class (book)
(C:\Users\John\AppData\Local\Programs\MiKTeX\tex/latex/koma-script\scrkbase.sty
Package: scrkbase 2025/09/09 v3.48 KOMA-Script package (KOMA-Script-dependent basics and keyval usage)
 (C:\Users\John\AppData\Local\Programs\MiKTeX\tex/latex/koma-script\scrbase.sty
Package: scrbase 2025/09/09 v3.48 KOMA-Script package (KOMA-Script-independent basics and keyval usage)
 (C:\Users\John\AppData\Local\Programs\MiKTeX\tex/latex/koma-script\scrlfile.sty
Package: scrlfile 2025/09/09 v3.48 KOMA-Script package (file load hooks)
 (C:\Users\John\AppData\Local\Programs\MiKTeX\tex/latex/koma-script\scrlfile-hook.sty
Package: scrlfile-hook 2025/09/09 v3.48 KOMA-Script package (using LaTeX hooks)
 (C:\Users\John\AppData\Local\Programs\MiKTeX\tex/latex/koma-script\scrlogo.sty
Package: scrlogo 2025/09/09 v3.48 KOMA-Script package (logo)
))) (C:\Users\John\AppData\Local\Programs\MiKTeX\tex/latex/graphics\keyval.sty
Package: keyval 2022/05/29 v1.15 key=value parser (DPC)
\KV@toks@=\toks17
)
Applying: [2021/05/01] Usage of raw or classic option list on input line 254.
Already applied: [0000/00/00] Usage of raw or classic option list on input line 370.
)) (C:\Users\John\AppData\Local\Programs\MiKTeX\tex/latex/koma-script\tocbasic.sty
Package: tocbasic 2025/09/09 v3.48 KOMA-Script package (handling toc-files)
\scr@dte@tocline@numberwidth=\skip49
\scr@dte@tocline@numbox=\box53
)
Package tocbasic Info: omitting babel extension for `toc'
(tocbasic)             because of feature `nobabel' available
(tocbasic)             for `toc' on input line 143.
Package scrbook Info: You've used standard option `12pt'.
(scrbook)             This is correct!
(scrbook)             Internally I'm using `fontsize=12pt'.
(scrbook)             If you'd like to set the option with \KOMAoptions,
(scrbook)             you'd have to use `fontsize=12pt' there
(scrbook)             instead of `12pt', too.
 (C:\Users\John\AppData\Local\Programs\MiKTeX\tex/latex/base\fleqn.clo
File: fleqn.clo 2016/12/29 v1.2b Standard LaTeX option (flush left equations)
\mathindent=\skip50
Applying: [2015/01/01] Make \[ robust on input line 50.
LaTeX Info: Redefining \[ on input line 51.
Already applied: [0000/00/00] Make \[ robust on input line 62.
Applying: [2015/01/01] Make \] robust on input line 74.
LaTeX Info: Redefining \] on input line 75.
Already applied: [0000/00/00] Make \] robust on input line 83.
)
Class scrbook Info: You've used standard option `openany'.
(scrbook)           This is correct!
(scrbook)           Internally I'm using `open=any'.
(scrbook)           If you'd like to set the option with \KOMAoptions,
(scrbook)           you'd have to use `open=any' there
(scrbook)           instead of `openany', too.
Class scrbook Info: File `scrsize12pt.clo' used to setup font sizes on input line 2710.
 (C:\Users\John\AppData\Local\Programs\MiKTeX\tex/latex/koma-script\scrsize12pt.clo
File: scrsize12pt.clo 2025/09/09 v3.48 KOMA-Script font size class option (12pt)
) (C:\Users\John\AppData\Local\Programs\MiKTeX\tex/latex/koma-script\typearea.sty
Package: typearea 2025/09/09 v3.48 KOMA-Script package (type area)
\ta@bcor=\skip51
\ta@div=\count275
Package typearea Info: You've used standard option `letterpaper'.
(typearea)             This is correct!
(typearea)             Internally I'm using `paper=letter'.
(typearea)             If you'd like to set the option with \KOMAoptions,
(typearea)             you'd have to use `paper=letter' there
(typearea)             instead of `letterpaper', too.
\ta@hblk=\skip52
\ta@vblk=\skip53
\ta@temp=\skip54
\footheight=\skip55
Package typearea Info: With paper sizes other than (almost) `A4' predefined
(typearea)             DIV values do not exist. Using DIV calculation for good
(typearea)             line width (unless using `version=3.24` or prior).


Package typearea Info: DIV calculation for classic typearea. on input line 1807.

Package typearea Info: These are the values describing the layout:
(typearea)             DIV  = 8
(typearea)             BCOR = 0.0pt
(typearea)             \paperwidth      = 614.295pt
(typearea)              \textwidth      = 383.9344pt
(typearea)              DIV departure   = 1%
(typearea)              \evensidemargin = 81.30374pt
(typearea)              \oddsidemargin  = 4.51688pt
(typearea)             \paperheight     = 794.96999pt
(typearea)              \textheight     = 505.0pt
(typearea)              \topmargin      = -12.77374pt
(typearea)              \headheight     = 18.125pt
(typearea)              \headsep        = 21.75pt
(typearea)              \topskip        = 12.0pt
(typearea)              \footskip       = 50.75pt
(typearea)              \baselineskip   = 14.5pt
(typearea)              on input line 1807.
)
\c@part=\count276
\c@chapter=\count277
\c@section=\count278
\c@subsection=\count279
\c@subsubsection=\count280
\c@paragraph=\count281
\c@subparagraph=\count282
\scr@dte@chapter@maxnumwidth=\skip56
Class scrbook Info: using compatibility default `afterindent=bysign'
(scrbook)           for `\chapter on input line 6076.
\scr@dte@section@maxnumwidth=\skip57
Class scrbook Info: using compatibility default `runin=bysign'
(scrbook)           for `\section on input line 6087.
Class scrbook Info: using compatibility default `afterindent=bysign'
(scrbook)           for `\section on input line 6087.
\scr@dte@part@maxnumwidth=\skip58
Class scrbook Info: using compatibility default `afterindent=true'
(scrbook)           for `\part on input line 6096.
\scr@dte@subsection@maxnumwidth=\skip59
Class scrbook Info: using compatibility default `runin=bysign'
(scrbook)           for `\subsection on input line 6106.
Class scrbook Info: using compatibility default `afterindent=bysign'
(scrbook)           for `\subsection on input line 6106.
\scr@dte@subsubsection@maxnumwidth=\skip60
Class scrbook Info: using compatibility default `runin=bysign'
(scrbook)           for `\subsubsection on input line 6116.
Class scrbook Info: using compatibility default `afterindent=bysign'
(scrbook)           for `\subsubsection on input line 6116.
\scr@dte@paragraph@maxnumwidth=\skip61
Class scrbook Info: using compatibility default `runin=bysign'
(scrbook)           for `\paragraph on input line 6127.
Class scrbook Info: using compatibility default `afterindent=bysign'
(scrbook)           for `\paragraph on input line 6127.
\scr@dte@subparagraph@maxnumwidth=\skip62
Class scrbook Info: using compatibility default `runin=bysign'
(scrbook)           for `\subparagraph on input line 6137.
Class scrbook Info: using compatibility default `afterindent=bysign'
(scrbook)           for `\subparagraph on input line 6137.
\abovecaptionskip=\skip63
\belowcaptionskip=\skip64
\c@pti@nb@sid@b@x=\box54
Package tocbasic Info: omitting babel extension for `lof'
(tocbasic)             because of feature `nobabel' available
(tocbasic)             for `lof' on input line 7350.
\scr@dte@figure@maxnumwidth=\skip65
\c@figure=\count283
Package tocbasic Info: omitting babel extension for `lot'
(tocbasic)             because of feature `nobabel' available
(tocbasic)             for `lot' on input line 7363.
\scr@dte@table@maxnumwidth=\skip66
\c@table=\count284
Class scrbook Info: Redefining `\numberline' on input line 7534.
\bibindent=\dimen148
) (C:\Users\John\AppData\Local\Programs\MiKTeX\tex/latex/base\inputenc.sty
Package: inputenc 2024/02/08 v1.3d Input encoding file
\inpenc@prehook=\toks18
\inpenc@posthook=\toks19
) (C:\Users\John\AppData\Local\Programs\MiKTeX\tex/generic/babel\babel.sty
Package: babel 2025/10/22 v25.14 The multilingual framework for LuaLaTeX, pdfLaTeX and XeLaTeX
\babel@savecnt=\count285
LaTeX Encoding Info:    Redeclaring text command \ij (encoding OT1) on input line 2050.
LaTeX Encoding Info:    Redeclaring text command \IJ (encoding OT1) on input line 2052.
LaTeX Encoding Info:    Redeclaring text command \ij (encoding T1) on input line 2054.
LaTeX Encoding Info:    Redeclaring text command \IJ (encoding T1) on input line 2055.
LaTeX Encoding Info:    Ignoring declaration for text command \ij (encoding ?) on input line 2056.
LaTeX Encoding Info:    Ignoring declaration for text command \IJ (encoding ?) on input line 2058.
LaTeX Encoding Info:    Ignoring declaration for text command \SS (encoding ?) on input line 2083.
\U@D=\dimen149
\l@unhyphenated=\language79
 (C:\Users\John\AppData\Local\Programs\MiKTeX\tex/generic/babel\txtbabel.def)
\bbl@readstream=\read2
\bbl@dirlevel=\count286


Package babel Warning: Configuration files are deprecated, as
(babel)                they can break document portability.
(babel)                Reported on input line 4172.

*************************************
* Local config file bblopts.cfg used
*
(C:\Users\John\AppData\Local\Programs\MiKTeX\tex/latex/arabi\bblopts.cfg
File: bblopts.cfg 2005/09/08 v0.1 add Arabic and Farsi to "declared" options of babel
) (C:\Users\John\AppData\Local\Programs\MiKTeX\tex/generic/babel/locale/es\babel-spanish.tex)
Package babel Info: Importing font and identification data for spanish
(babel)             from babel-es.ini. Reported on input line 4295.
 (C:\Users\John\AppData\Local\Programs\MiKTeX\tex/latex/babel-spanish\spanish.ldf
Language: spanish.ldf 2021/05/27 v5.0q Spanish support from the babel system
\es@quottoks=\toks20
\es@quotdepth=\count287
Package babel Info: Making " an active character on input line 570.
Package babel Info: Making . an active character on input line 675.
Package babel Info: Making < an active character on input line 722.
Package babel Info: Making > an active character on input line 722.
))
LaTeX Encoding Info:    Redeclaring text command \guillemotleft (encoding OT1) on input line 4.
LaTeX Encoding Info:    Redeclaring text command \guillemotright (encoding OT1) on input line 4.


Class scrbook Warning: Usage of package `fancyhdr' together
(scrbook)              with a KOMA-Script class is not recommended.
(scrbook)              I'd suggest to use 
(scrbook)              package `scrlayer' or `scrlayer-scrpage', because
(scrbook)              they support KOMA-Script classes.
(scrbook)              With `fancyhdr' several features of class `scrbook'
(scrbook)              like options `headsepline', `footsepline' or command
(scrbook)              `\MakeMarkcase' and the commands `\setkomafont' and
(scrbook)              `\addtokomafont' for the page style elements need
(scrbook)              explicite user intervention to work.
(scrbook)              Nevertheless, using requested
(scrbook)              package `fancyhdr' on input line 5.

(C:\Users\John\AppData\Local\Programs\MiKTeX\tex/latex/fancyhdr\fancyhdr.sty
Package: fancyhdr 2025/02/07 v5.2 Extensive control of page headers and footers
\f@nch@headwidth=\skip67
\f@nch@offset@elh=\skip68
\f@nch@offset@erh=\skip69
\f@nch@offset@olh=\skip70
\f@nch@offset@orh=\skip71
\f@nch@offset@elf=\skip72
\f@nch@offset@erf=\skip73
\f@nch@offset@olf=\skip74
\f@nch@offset@orf=\skip75
\f@nch@height=\skip76
\f@nch@footalignment=\skip77
\f@nch@widthL=\skip78
\f@nch@widthC=\skip79
\f@nch@widthR=\skip80
\@temptokenb=\toks21
) (C:\Users\John\AppData\Local\Programs\MiKTeX\tex/latex/graphics\epsfig.sty
Package: epsfig 2024/01/14 v1.7b (e)psfig emulation (SPQR)
 (C:\Users\John\AppData\Local\Programs\MiKTeX\tex/latex/graphics\graphicx.sty
Package: graphicx 2024/12/31 v1.2e Enhanced LaTeX Graphics (DPC,SPQR)
 (C:\Users\John\AppData\Local\Programs\MiKTeX\tex/latex/graphics\graphics.sty
Package: graphics 2024/08/06 v1.4g Standard LaTeX Graphics (DPC,SPQR)
 (C:\Users\John\AppData\Local\Programs\MiKTeX\tex/latex/graphics\trig.sty
Package: trig 2023/12/02 v1.11 sin cos tan (DPC)
) (C:\Users\John\AppData\Local\Programs\MiKTeX\tex/latex/graphics-cfg\graphics.cfg
File: graphics.cfg 2016/06/04 v1.11 sample graphics configuration
)
Package graphics Info: Driver file: pdftex.def on input line 106.
 (C:\Users\John\AppData\Local\Programs\MiKTeX\tex/latex/graphics-def\pdftex.def
File: pdftex.def 2025/09/29 v1.2d Graphics/color driver for pdftex
))
\Gin@req@height=\dimen150
\Gin@req@width=\dimen151
)
\epsfxsize=\dimen152
\epsfysize=\dimen153
) (C:\Users\John\AppData\Local\Programs\MiKTeX\tex/latex/eepic\epic.sty
Enhancements to Picture Environment. Version 1.2 - Released June 1, 1986
\@@multicnt=\count288
\d@lta=\count289
\@delta=\dimen154
\@@delta=\dimen155
\@gridcnt=\count290
\@joinkind=\count291
\@dotgap=\dimen156
\@ddotgap=\dimen157
\@x@diff=\count292
\@y@diff=\count293
\x@diff=\dimen158
\y@diff=\dimen159
\@dotbox=\box55
\num@segments=\count294
\num@segmentsi=\count295
\@datafile=\read3
) (C:\Users\John\AppData\Local\Programs\MiKTeX\tex/latex/eepic\eepic.sty
Extension to Epic and LaTeX. Version 1.1e - Released Dec 21, 1999
\@gphlinewidth=\count296
\@eepictcnt=\count297
\@tempdimc=\dimen160
\maxovaldiam=\dimen161
\@filltype=\box56
) (C:\Users\John\AppData\Local\Programs\MiKTeX\tex/latex/amsmath\amsmath.sty
Package: amsmath 2025/07/09 v2.17z AMS math features
\@mathmargin=\skip81

For additional information on amsmath, use the `?' option.
(C:\Users\John\AppData\Local\Programs\MiKTeX\tex/latex/amsmath\amstext.sty
Package: amstext 2024/11/17 v2.01 AMS text
 (C:\Users\John\AppData\Local\Programs\MiKTeX\tex/latex/amsmath\amsgen.sty
File: amsgen.sty 1999/11/30 v2.0 generic functions
\@emptytoks=\toks22
\ex@=\dimen162
)) (C:\Users\John\AppData\Local\Programs\MiKTeX\tex/latex/amsmath\amsbsy.sty
Package: amsbsy 1999/11/29 v1.2d Bold Symbols
\pmbraise@=\dimen163
) (C:\Users\John\AppData\Local\Programs\MiKTeX\tex/latex/amsmath\amsopn.sty
Package: amsopn 2022/04/08 v2.04 operator names
)
\inf@bad=\count298
LaTeX Info: Redefining \frac on input line 233.
\uproot@=\count299
\leftroot@=\count300
LaTeX Info: Redefining \overline on input line 398.
LaTeX Info: Redefining \colon on input line 409.
\classnum@=\count301
\DOTSCASE@=\count302
LaTeX Info: Redefining \ldots on input line 495.
LaTeX Info: Redefining \dots on input line 498.
LaTeX Info: Redefining \cdots on input line 619.
\Mathstrutbox@=\box57
\strutbox@=\box58
LaTeX Info: Redefining \big on input line 721.
LaTeX Info: Redefining \Big on input line 722.
LaTeX Info: Redefining \bigg on input line 723.
LaTeX Info: Redefining \Bigg on input line 724.
\big@size=\dimen164
LaTeX Font Info:    Redeclaring font encoding OML on input line 742.
LaTeX Font Info:    Redeclaring font encoding OMS on input line 743.
\macc@depth=\count303
LaTeX Info: Redefining \bmod on input line 904.
LaTeX Info: Redefining \pmod on input line 909.
LaTeX Info: Redefining \smash on input line 939.
LaTeX Info: Redefining \relbar on input line 969.
LaTeX Info: Redefining \Relbar on input line 970.
\c@MaxMatrixCols=\count304
\dotsspace@=\muskip17
\c@parentequation=\count305
\dspbrk@lvl=\count306
\tag@help=\toks23
\row@=\count307
\column@=\count308
\maxfields@=\count309
\andhelp@=\toks24
\eqnshift@=\dimen165
\alignsep@=\dimen166
\tagshift@=\dimen167
\tagwidth@=\dimen168
\totwidth@=\dimen169
\lineht@=\dimen170
\@envbody=\toks25
\multlinegap=\skip82
\multlinetaggap=\skip83
\mathdisplay@stack=\toks26
LaTeX Info: Redefining \[ on input line 2950.
LaTeX Info: Redefining \] on input line 2951.
) (C:\Users\John\AppData\Local\Programs\MiKTeX\tex/latex/threeparttable\threeparttable.sty
Package: threeparttable 2003/06/13  v 3.0
\@tempboxb=\box59
) (C:\Users\John\AppData\Local\Programs\MiKTeX\tex/latex/amsmath\amscd.sty
Package: amscd 2017/04/14 v2.1 AMS Commutative Diagrams
\athelp@=\toks27
\minaw@=\dimen171
\bigaw@=\dimen172
\minCDarrowwidth=\dimen173
) (C:\Users\John\AppData\Local\Programs\MiKTeX\tex/latex/here\here.sty) (C:\Users\John\AppData\Local\Programs\MiKTeX\tex/latex/float\float.sty
Package: float 2001/11/08 v1.3d Float enhancements (AL)
\c@float@type=\count310
\float@exts=\toks28
\float@box=\box60
\@float@everytoks=\toks29
\@floatcapt=\box61
) (C:\Users\John\AppData\Local\Programs\MiKTeX\tex/latex/graphics\lscape.sty
Package: lscape 2020/05/28 v3.02 Landscape Pages (DPC)
) (C:\Users\John\AppData\Local\Programs\MiKTeX\tex/latex/tools\tabularx.sty
Package: tabularx 2023/12/11 v2.12a `tabularx' package (DPC)
 (C:\Users\John\AppData\Local\Programs\MiKTeX\tex/latex/tools\array.sty
Package: array 2025/09/25 v2.6n Tabular extension package (FMi)
\col@sep=\dimen174
\ar@mcellbox=\box62
\extrarowheight=\dimen175
\NC@list=\toks30
\extratabsurround=\skip84
\backup@length=\skip85
\ar@cellbox=\box63
)
\TX@col@width=\dimen176
\TX@old@table=\dimen177
\TX@old@col=\dimen178
\TX@target=\dimen179
\TX@delta=\dimen180
\TX@cols=\count311
\TX@ftn=\toks31
) (C:\Users\John\AppData\Local\Programs\MiKTeX\tex/latex/caption\subcaption.sty
Package: subcaption 2023/07/28 v1.6b Sub-captions (AR)
 (C:\Users\John\AppData\Local\Programs\MiKTeX\tex/latex/caption\caption.sty
Package: caption 2023/08/05 v3.6o Customizing captions (AR)
 (C:\Users\John\AppData\Local\Programs\MiKTeX\tex/latex/caption\caption3.sty
Package: caption3 2023/07/31 v2.4d caption3 kernel (AR)
\caption@tempdima=\dimen181
\captionmargin=\dimen182
\caption@leftmargin=\dimen183
\caption@rightmargin=\dimen184
\caption@width=\dimen185
\caption@indent=\dimen186
\caption@parindent=\dimen187
\caption@hangindent=\dimen188
Package caption Info: Unknown document class (or package),
(caption)             standard defaults will be used.
Package caption Info: \@makecaption = \long macro:#1#2->\@abovecaptionbreak \vskip \abovecaptionskip \@abovecaptionbreak \@@makecaption \@firstofone {#1}{#2}\@belowcaptionbreak \vskip \belowcaptionskip \@belowcaptionbreak  on input line 1175.
)

Package caption Warning: Unknown document class (or package),
(caption)                standard defaults will be used.
See the caption package documentation for explanation.

\c@caption@flags=\count312
\c@continuedfloat=\count313
Package caption Info: float package is loaded.
Package caption Info: threeparttable package is loaded.
)
Package caption Info: New subtype `subfigure' on input line 238.
\c@subfigure=\count314
Package caption Info: New subtype `subtable' on input line 238.
\c@subtable=\count315
) (C:\Users\John\AppData\Local\Programs\MiKTeX\tex/latex/tools\longtable.sty
Package: longtable 2025-10-13 v4.24 Multi-page Table package (DPC)
\LTleft=\skip86
\LTright=\skip87
\LTpre=\skip88
\LTpost=\skip89
\LTchunksize=\count316
\LTcapwidth=\dimen189
\LT@head=\box64
\LT@firsthead=\box65
\LT@foot=\box66
\LT@lastfoot=\box67
\LT@gbox=\box68
\LT@cols=\count317
\LT@rows=\count318
\c@LT@tables=\count319
\c@LT@chunks=\count320
\LT@p@ftn=\toks32
)
Class scrbook Info: longtable captions redefined on input line 17.
 (C:\Users\John\AppData\Local\Programs\MiKTeX\tex/latex/multirow\multirow.sty
Package: multirow 2024/11/12 v2.9 Span multiple rows of a table
\multirow@colwidth=\skip90
\multirow@cntb=\count321
\multirow@dima=\skip91
\bigstrutjot=\dimen190
) (C:\Users\John\AppData\Local\Programs\MiKTeX\tex/latex/fundus-calligra\calligra.sty
Package: calligra 2012/04/10 v1.9 LaTeX package calligra
) (C:\Users\John\AppData\Local\Programs\MiKTeX\tex/latex/base\fontenc.sty
Package: fontenc 2025/07/18 v2.1d Standard LaTeX package
) (C:\Users\John\AppData\Local\Programs\MiKTeX\tex/latex/listings\listings.sty \lstset,
\lst@mode=\count322
 
new hook `InitVars',

new hook `EndGroup',

new hook `ExitVars',

new hook `ModeTrue',

new hook `EOL',
\lst@gtempboxa=\box69
\lst@token=\toks33
\lst@length=\count323

new hook `InitVarsBOL',
\lst@currlwidth=\dimen191
\lst@column=\count324
\lst@pos=\count325
\lst@lostspace=\dimen192
\lst@width=\dimen193
basewidth, 
new hook `FontAdjust',
fontadjust, 
new hook `PostOutput',

new hook `OutputBox',

new hook `InitBOL',
columns, flexiblecolumns,
\lst@newlines=\count326
 
new hook `OnNewLine',
emptylines, 
new hook `OnEmptyLine',
identifierstyle, 
new hook `EmptyStyle',

new hook `OutputOther',

new hook `Output',
tabsize, showtabs, tab, showspaces, keepspaces, 
new hook `Init',
formfeed, upquote, SelectCharTable, MoreSelectCharTable, 
new hook `SetLanguage',
extendedchars, useoutput, rescanchars, alsoletter, alsodigit, alsoother, 
new hook `SelectCharTable',
excludedelims, delim, moredelim, deletedelim, literate, basicstyle, inputencoding, multicols, 
new hook `EveryLine',
\lst@lineno=\count327
print, firstline, lastline, 
new hook `PreSet',
nolol, linerange, consecutivenumbers, rangeprefix, rangesuffix, rangebeginprefix, rangebeginsuffix, rangeendprefix, rangeendsuffix, includerangemarker, 
new hook `DeInit',
captionpos, abovecaptionskip, belowcaptionskip, label, title, caption, 
new hook `TextStyle',
\lstlistingname, \lstlistingnamestyle, numberbychapter, boxpos, float, floatplacement, aboveskip, belowskip, everydisplay, 
new hook `DisplayStyle',

new hook `PreInit',

new hook `EveryPar',
showlines,
\lst@maxwidth=\dimen194
 
new hook `InitVarsEOL',
gobble, name, \lstlistlistingname, \lstlistoflistings, inputpath, \lstnewenvironment, fancyvrb, (C:\Users\John\AppData\Local\Programs\MiKTeX\tex/latex/listings\lstpatch.sty
File: lstpatch.sty 2025/10/06 1.11 (Carsten Heinz)
) (C:\Users\John\AppData\Local\Programs\MiKTeX\tex/latex/listings\lstmisc.sty
File: lstmisc.sty 2025/10/06 1.11 (Carsten Heinz)
 
Define lst-aspect `strings': string, morestring, deletestring, stringstyle, showstringspaces, 
new hook `ExcludeDelims',

Allocs: none

Define lst-aspect `comments': comment, morecomment, deletecomment, commentstyle, 
new hook `AfterBeginComment',

Allocs: none

Define lst-aspect `escape': texcl, escapebegin, escapeend, escapechar, escapeinside, mathescape, 
Allocs: none

Define lst-aspect `keywords': sensitive, 
new hook `TrackKeywords',

new hook `PostTrackKeywords',

new hook `DetectKeywords',
classoffset, keywords, morekeywords, deletekeywords, keywordstyle, keywordstyle, ndkeywords, morendkeywords, deletendkeywords, ndkeywordstyle, keywordsprefix, otherkeywords, 
Allocs: none

Define lst-aspect `emph': emph, moreemph, deleteemph, emphstyle, 
Allocs: none

Define lst-aspect `index': index, moreindex, deleteindex, indexstyle, \lstindexmacro, 
Allocs: none

Define lst-aspect `style': \lststylefiles, \lstdefinestyle, \lst@definestyle, style, 
new hook `SetStyle',

Allocs: none

Define lst-aspect `language': \lstlanguagefiles, \lstdefinelanguage, \lst@definelanguage, language, alsolanguage, \lstalias, defaultdialect, 
Allocs: none

Define lst-aspect `labels': numbers, stepnumber, numberfirstline, numberstyle, numbersep, numberblanklines, firstnumber,
\c@lstnumber=\count328
\lst@skipnumbers=\count329
 
Allocs: 2\count, 

Define lst-aspect `lineshape': xleftmargin, xrightmargin, resetmargins, 
new hook `BoxUnsafe',
linewidth, lineskip, breaklines, breakindent, breakautoindent, breakatwhitespace, prebreak, postbreak, 
Allocs: none

Define lst-aspect `frames': framexleftmargin, framexrightmargin, framextopmargin, framexbottommargin, backgroundcolor, fillcolor, rulecolor, rulesepcolor, rulesep, framerule, framesep, frameshape, frameround, frame,
\lst@framebox=\box70
 
Allocs: 1\box, 
) 
Allocs: 8\count, 4\dimen, 2\box, 1\toks, 
(C:\Users\John\AppData\Local\Programs\MiKTeX\tex/latex/listings\listings.cfg
File: listings.cfg 2025/10/06 1.11 listings configuration
))
Package: listings 2025/10/06 1.11 (Carsten Heinz)

==> First Aid for listings.sty no longer applied!
    Expected:
        2024/09/23 1.10c (Carsten Heinz)
    but found:
        2025/10/06 1.11 (Carsten Heinz)
    so I'm assuming it got fixed.
(C:\Users\John\AppData\Local\Programs\MiKTeX\tex/latex/biblatex\biblatex.sty
Package: biblatex 2025/07/10 v3.21 programmable bibliographies (PK/MW)
 (C:\Users\John\AppData\Local\Programs\MiKTeX\tex/generic/pdftexcmds\pdftexcmds.sty
Package: pdftexcmds 2020-06-27 v0.33 Utility functions of pdfTeX for LuaTeX (HO)
 (C:\Users\John\AppData\Local\Programs\MiKTeX\tex/generic/infwarerr\infwarerr.sty
Package: infwarerr 2019/12/03 v1.5 Providing info/warning/error messages (HO)
) (C:\Users\John\AppData\Local\Programs\MiKTeX\tex/generic/iftex\iftex.sty
Package: iftex 2024/12/12 v1.0g TeX engine tests
) (C:\Users\John\AppData\Local\Programs\MiKTeX\tex/generic/ltxcmds\ltxcmds.sty
Package: ltxcmds 2023-12-04 v1.26 LaTeX kernel commands for general use (HO)
)
Package pdftexcmds Info: \pdf@primitive is available.
Package pdftexcmds Info: \pdf@ifprimitive is available.
Package pdftexcmds Info: \pdfdraftmode found.
) (C:\Users\John\AppData\Local\Programs\MiKTeX\tex/latex/etoolbox\etoolbox.sty
Package: etoolbox 2025/10/02 v2.5m e-TeX tools for LaTeX (JAW)
\etb@tempcnta=\count330
) (C:\Users\John\AppData\Local\Programs\MiKTeX\tex/latex/kvoptions\kvoptions.sty
Package: kvoptions 2022-06-15 v3.15 Key value format for package options (HO)
 (C:\Users\John\AppData\Local\Programs\MiKTeX\tex/latex/kvsetkeys\kvsetkeys.sty
Package: kvsetkeys 2022-10-05 v1.19 Key value parser (HO)
)) (C:\Users\John\AppData\Local\Programs\MiKTeX\tex/latex/logreq\logreq.sty
Package: logreq 2010/08/04 v1.0 xml request logger
\lrq@indent=\count331
 (C:\Users\John\AppData\Local\Programs\MiKTeX\tex/latex/logreq\logreq.def
File: logreq.def 2010/08/04 v1.0 logreq spec v1.0
)) (C:\Users\John\AppData\Local\Programs\MiKTeX\tex/latex/base\ifthen.sty
Package: ifthen 2024/03/16 v1.1e Standard LaTeX ifthen package (DPC)
) (C:\Users\John\AppData\Local\Programs\MiKTeX\tex/latex/url\url.sty
\Urlmuskip=\muskip18
Package: url 2013/09/16  ver 3.4  Verb mode for urls, etc.
)
\c@tabx@nest=\count332
\c@listtotal=\count333
\c@listcount=\count334
\c@liststart=\count335
\c@liststop=\count336
\c@citecount=\count337
\c@citetotal=\count338
\c@multicitecount=\count339
\c@multicitetotal=\count340
\c@instcount=\count341
\c@maxnames=\count342
\c@minnames=\count343
\c@maxitems=\count344
\c@minitems=\count345
\c@citecounter=\count346
\c@maxcitecounter=\count347
\c@savedcitecounter=\count348
\c@uniquelist=\count349
\c@uniquename=\count350
\c@refsection=\count351
\c@refsegment=\count352
\c@maxextratitle=\count353
\c@maxextratitleyear=\count354
\c@maxextraname=\count355
\c@maxextradate=\count356
\c@maxextraalpha=\count357
\c@abbrvpenalty=\count358
\c@highnamepenalty=\count359
\c@lownamepenalty=\count360
\c@maxparens=\count361
\c@parenlevel=\count362
\blx@tempcnta=\count363
\blx@tempcntb=\count364
\blx@tempcntc=\count365
\c@blx@maxsection=\count366
\blx@maxsegment@0=\count367
\blx@notetype=\count368
\blx@parenlevel@text=\count369
\blx@parenlevel@foot=\count370
\blx@sectionciteorder@0=\count371
\blx@sectionciteorderinternal@0=\count372
\blx@entrysetcounter=\count373
\blx@biblioinstance=\count374
\labelnumberwidth=\skip92
\labelalphawidth=\skip93
\biblabelsep=\skip94
\bibitemsep=\skip95
\bibnamesep=\skip96
\bibinitsep=\skip97
\bibparsep=\skip98
\bibhang=\skip99
\blx@bcfin=\read4
\blx@bcfout=\write3
\blx@langwohyphens=\language80
\c@mincomprange=\count375
\c@maxcomprange=\count376
\c@mincompwidth=\count377
Package biblatex Info: Trying to load biblatex default data model...
Package biblatex Info: ... file 'blx-dm.def' found.
 (C:\Users\John\AppData\Local\Programs\MiKTeX\tex/latex/biblatex\blx-dm.def
File: blx-dm.def 2025/07/10 v3.21 biblatex datamodel (PK/MW)
)
Package biblatex Info: Trying to load biblatex style data model...
Package biblatex Info: ... file 'numeric.dbx' not found.
Package biblatex Info: Trying to load biblatex custom data model...
Package biblatex Info: ... file 'biblatex-dm.cfg' not found.
\c@afterword=\count378
\c@savedafterword=\count379
\c@annotator=\count380
\c@savedannotator=\count381
\c@author=\count382
\c@savedauthor=\count383
\c@bookauthor=\count384
\c@savedbookauthor=\count385
\c@commentator=\count386
\c@savedcommentator=\count387
\c@editor=\count388
\c@savededitor=\count389
\c@editora=\count390
\c@savededitora=\count391
\c@editorb=\count392
\c@savededitorb=\count393
\c@editorc=\count394
\c@savededitorc=\count395
\c@foreword=\count396
\c@savedforeword=\count397
\c@holder=\count398
\c@savedholder=\count399
\c@introduction=\count400
\c@savedintroduction=\count401
\c@namea=\count402
\c@savednamea=\count403
\c@nameb=\count404
\c@savednameb=\count405
\c@namec=\count406
\c@savednamec=\count407
\c@translator=\count408
\c@savedtranslator=\count409
\c@shortauthor=\count410
\c@savedshortauthor=\count411
\c@shorteditor=\count412
\c@savedshorteditor=\count413
\c@labelname=\count414
\c@savedlabelname=\count415
\c@institution=\count416
\c@savedinstitution=\count417
\c@lista=\count418
\c@savedlista=\count419
\c@listb=\count420
\c@savedlistb=\count421
\c@listc=\count422
\c@savedlistc=\count423
\c@listd=\count424
\c@savedlistd=\count425
\c@liste=\count426
\c@savedliste=\count427
\c@listf=\count428
\c@savedlistf=\count429
\c@location=\count430
\c@savedlocation=\count431
\c@organization=\count432
\c@savedorganization=\count433
\c@origlocation=\count434
\c@savedoriglocation=\count435
\c@origpublisher=\count436
\c@savedorigpublisher=\count437
\c@publisher=\count438
\c@savedpublisher=\count439
\c@language=\count440
\c@savedlanguage=\count441
\c@origlanguage=\count442
\c@savedoriglanguage=\count443
\c@pageref=\count444
\c@savedpageref=\count445
\shorthandwidth=\skip100
\shortjournalwidth=\skip101
\shortserieswidth=\skip102
\shorttitlewidth=\skip103
\shortauthorwidth=\skip104
\shorteditorwidth=\skip105
\locallabelnumberwidth=\skip106
\locallabelalphawidth=\skip107
\localshorthandwidth=\skip108
\localshortjournalwidth=\skip109
\localshortserieswidth=\skip110
\localshorttitlewidth=\skip111
\localshortauthorwidth=\skip112
\localshorteditorwidth=\skip113
Package biblatex Info: Trying to load compatibility code...
Package biblatex Info: ... file 'blx-compat.def' found.
 (C:\Users\John\AppData\Local\Programs\MiKTeX\tex/latex/biblatex\blx-compat.def
File: blx-compat.def 2025/07/10 v3.21 biblatex compatibility (PK/MW)
)
Package biblatex Info: Trying to load BibTeX backend compatibility...
Package biblatex Info: ... file 'blx-bibtex.def' found.
 (C:\Users\John\AppData\Local\Programs\MiKTeX\tex/latex/biblatex\blx-bibtex.def
File: blx-bibtex.def 2025/07/10 v3.21 biblatex compatibility (PK/MW)


Package biblatex Warning: Using fall-back bibtex backend:
(biblatex)                functionality may be reduced/unavailable.

)
Package biblatex Info: Trying to load generic definitions...
Package biblatex Info: ... file 'biblatex.def' found.
 (C:\Users\John\AppData\Local\Programs\MiKTeX\tex/latex/biblatex\biblatex.def
File: biblatex.def 2025/07/10 v3.21 biblatex compatibility (PK/MW)
\c@textcitecount=\count446
\c@textcitetotal=\count447
\c@textcitemaxnames=\count448
\c@biburlbigbreakpenalty=\count449
\c@biburlbreakpenalty=\count450
\c@biburlnumpenalty=\count451
\c@biburlucpenalty=\count452
\c@biburllcpenalty=\count453
\biburlbigskip=\muskip19
\biburlnumskip=\muskip20
\biburlucskip=\muskip21
\biburllcskip=\muskip22
\c@smartand=\count454
)
Package biblatex Info: Trying to load bibliography style 'numeric'...
Package biblatex Info: ... file 'numeric.bbx' found.
 (C:\Users\John\AppData\Local\Programs\MiKTeX\tex/latex/biblatex/bbx\numeric.bbx
File: numeric.bbx 2025/07/10 v3.21 biblatex bibliography style (PK/MW)
Package biblatex Info: Trying to load bibliography style 'standard'...
Package biblatex Info: ... file 'standard.bbx' found.
 (C:\Users\John\AppData\Local\Programs\MiKTeX\tex/latex/biblatex/bbx\standard.bbx
File: standard.bbx 2025/07/10 v3.21 biblatex bibliography style (PK/MW)
\c@bbx:relatedcount=\count455
\c@bbx:relatedtotal=\count456
))
Package biblatex Info: Trying to load citation style 'numeric'...
Package biblatex Info: ... file 'numeric.cbx' found.
 (C:\Users\John\AppData\Local\Programs\MiKTeX\tex/latex/biblatex/cbx\numeric.cbx
File: numeric.cbx 2025/07/10 v3.21 biblatex citation style (PK/MW)
Package biblatex Info: Redefining '\cite'.
Package biblatex Info: Redefining '\parencite'.
Package biblatex Info: Redefining '\footcite'.
Package biblatex Info: Redefining '\footcitetext'.
Package biblatex Info: Redefining '\smartcite'.
Package biblatex Info: Redefining '\supercite'.
Package biblatex Info: Redefining '\textcite'.
Package biblatex Info: Redefining '\textcites'.
Package biblatex Info: Redefining '\cites'.
Package biblatex Info: Redefining '\parencites'.
Package biblatex Info: Redefining '\smartcites'.
)
Package biblatex Info: Trying to load configuration file...
Package biblatex Info: ... file 'biblatex.cfg' found.
 (C:\Users\John\AppData\Local\Programs\MiKTeX\tex/latex/biblatex\biblatex.cfg
File: biblatex.cfg 
)
Package biblatex Info: Input encoding 'utf8' detected.
Package biblatex Info: Document encoding is UTF8 ....
 (C:\Users\John\AppData\Local\Programs\MiKTeX\tex/latex/l3kernel\expl3.sty
Package: expl3 2025-10-24 L3 programming layer (loader) 
 (C:\Users\John\AppData\Local\Programs\MiKTeX\tex/latex/l3backend\l3backend-pdftex.def
File: l3backend-pdftex.def 2025-10-09 L3 backend support: PDF output (pdfTeX)
\l__color_backend_stack_int=\count457
))
Package biblatex Info: ... and expl3
(biblatex)             2025-10-24 L3 programming layer (loader) 
(biblatex)             is new enough (at least 2020/04/06),
(biblatex)             setting 'casechanger=expl3'.
 (C:\Users\John\AppData\Local\Programs\MiKTeX\tex/latex/biblatex\blx-case-expl3.sty (C:\Users\John\AppData\Local\Programs\MiKTeX\tex/latex/l3packages/xparse\xparse.sty
Package: xparse 2025-10-09 L3 Experimental document command parser
)
Package: blx-case-expl3 2025/07/10 v3.21 expl3 case changing code for biblatex
)) (C:\Users\John\AppData\Local\Programs\MiKTeX\tex/latex/graphics\rotating.sty
Package: rotating 2025/01/14 v2.16e rotated objects in LaTeX
\c@r@tfl@t=\count458
\rotFPtop=\skip114
\rotFPbot=\skip115
\rot@float@box=\box71
\rot@mess@toks=\toks34
) (C:\Users\John\AppData\Local\Programs\MiKTeX\tex/latex/hyperref\hyperref.sty
Package: hyperref 2025-07-12 v7.01o Hypertext links for LaTeX
 (C:\Users\John\AppData\Local\Programs\MiKTeX\tex/generic/kvdefinekeys\kvdefinekeys.sty
Package: kvdefinekeys 2019-12-19 v1.6 Define keys (HO)
) (C:\Users\John\AppData\Local\Programs\MiKTeX\tex/generic/pdfescape\pdfescape.sty
Package: pdfescape 2019/12/09 v1.15 Implements pdfTeX's escape features (HO)
) (C:\Users\John\AppData\Local\Programs\MiKTeX\tex/latex/hycolor\hycolor.sty
Package: hycolor 2020-01-27 v1.10 Color options for hyperref/bookmark (HO)
) (C:\Users\John\AppData\Local\Programs\MiKTeX\tex/latex/hyperref\nameref.sty
Package: nameref 2025-06-21 v2.57 Cross-referencing by name of section
 (C:\Users\John\AppData\Local\Programs\MiKTeX\tex/latex/refcount\refcount.sty
Package: refcount 2019/12/15 v3.6 Data extraction from label references (HO)
) (C:\Users\John\AppData\Local\Programs\MiKTeX\tex/generic/gettitlestring\gettitlestring.sty
Package: gettitlestring 2019/12/15 v1.6 Cleanup title references (HO)
)
\c@section@level=\count459
) (C:\Users\John\AppData\Local\Programs\MiKTeX\tex/generic/stringenc\stringenc.sty
Package: stringenc 2019/11/29 v1.12 Convert strings between diff. encodings (HO)
)
\@linkdim=\dimen195
\Hy@linkcounter=\count460
\Hy@pagecounter=\count461
 (C:\Users\John\AppData\Local\Programs\MiKTeX\tex/latex/hyperref\pd1enc.def
File: pd1enc.def 2025-07-12 v7.01o Hyperref: PDFDocEncoding definition (HO)
Now handling font encoding PD1 ...
... no UTF-8 mapping file for font encoding PD1
) (C:\Users\John\AppData\Local\Programs\MiKTeX\tex/generic/intcalc\intcalc.sty
Package: intcalc 2019/12/15 v1.3 Expandable calculations with integers (HO)
)
\Hy@SavedSpaceFactor=\count462
 (C:\Users\John\AppData\Local\Programs\MiKTeX\tex/latex/hyperref\puenc.def
File: puenc.def 2025-07-12 v7.01o Hyperref: PDF Unicode definition (HO)
Now handling font encoding PU ...
... no UTF-8 mapping file for font encoding PU
)
Package hyperref Info: Hyper figures OFF on input line 4195.
Package hyperref Info: Link nesting OFF on input line 4200.
Package hyperref Info: Hyper index ON on input line 4203.
Package hyperref Info: Plain pages OFF on input line 4210.
Package hyperref Info: Backreferencing OFF on input line 4215.
Package hyperref Info: Implicit mode ON; LaTeX internals redefined.
Package hyperref Info: Bookmarks ON on input line 4462.
\c@Hy@tempcnt=\count463
LaTeX Info: Redefining \url on input line 4801.
\XeTeXLinkMargin=\dimen196
 (C:\Users\John\AppData\Local\Programs\MiKTeX\tex/generic/bitset\bitset.sty
Package: bitset 2019/12/09 v1.3 Handle bit-vector datatype (HO)
 (C:\Users\John\AppData\Local\Programs\MiKTeX\tex/generic/bigintcalc\bigintcalc.sty
Package: bigintcalc 2019/12/15 v1.5 Expandable calculations on big integers (HO)
))
\Fld@menulength=\count464
\Field@Width=\dimen197
\Fld@charsize=\dimen198
Package hyperref Info: Hyper figures OFF on input line 6078.
Package hyperref Info: Link nesting OFF on input line 6083.
Package hyperref Info: Hyper index ON on input line 6086.
Package hyperref Info: backreferencing OFF on input line 6093.
Package hyperref Info: Link coloring OFF on input line 6098.
Package hyperref Info: Link coloring with OCG OFF on input line 6103.
Package hyperref Info: PDF/A mode OFF on input line 6108.
\Hy@abspage=\count465
\c@Item=\count466
\c@Hfootnote=\count467
)
Package hyperref Info: Driver (autodetected): hpdftex.
 (C:\Users\John\AppData\Local\Programs\MiKTeX\tex/latex/hyperref\hpdftex.def
File: hpdftex.def 2025-07-12 v7.01o Hyperref driver for pdfTeX
\Fld@listcount=\count468
\c@bookmark@seq@number=\count469
 (C:\Users\John\AppData\Local\Programs\MiKTeX\tex/latex/rerunfilecheck\rerunfilecheck.sty
Package: rerunfilecheck 2025-06-21 v1.11 Rerun checks for auxiliary files (HO)
 (C:\Users\John\AppData\Local\Programs\MiKTeX\tex/generic/uniquecounter\uniquecounter.sty
Package: uniquecounter 2019/12/15 v1.4 Provide unlimited unique counter (HO)
)
Package uniquecounter Info: New unique counter `rerunfilecheck' on input line 284.
)
\Hy@SectionHShift=\skip116
)
Package hyperref Info: Option `colorlinks' set `true' on input line 38.
 (Befehle.sty)

Package biblatex Warning: 'babel/polyglossia' detected but 'csquotes' missing.
(biblatex)                Loading 'csquotes' recommended.

\@quotelevel=\count470
\@quotereset=\count471
Class scrbook Info: loading recommended package `bookmark'.
(scrbook)           Using `bookmark' together with `hyperref' is recommended,
(scrbook)           because of handling of possible bookmark level gaps.
(scrbook)           You can avoid loading `bookmark' with KOMA-Script option
(scrbook)           `bookmarkpackage=false' before \begin{document} and
(scrbook)           you can avoid this message adding:
(scrbook)             \usepackage{bookmark}
(scrbook)           before \begin{document} on input line 90.
Class scrbook Info: temporary deactivation of babel-spanish quoting  on input line 90.
(C:\Users\John\AppData\Local\Programs\MiKTeX\tex/latex/bookmark\bookmark.sty
Package: bookmark 2023-12-10 v1.31 PDF bookmarks (HO)
 (C:\Users\John\AppData\Local\Programs\MiKTeX\tex/latex/bookmark\bkm-pdftex.def
File: bkm-pdftex.def 2023-12-10 v1.31 bookmark driver for pdfTeX and luaTeX (HO)
\BKM@id=\count472
))
Class scrbook Info: reactivation of babel-spanish quoting  on input line 90.
 (PlantillaTesis.aux (HojaTitulo/HojaTituloMSc.aux)
LaTeX Info: Redefining \. on input line 18.
LaTeX Info: Redefining \% on input line 18.
Package babel Info: 'spanish' activates 'spanish' shorthands.
(babel)             Reported on input line 18.
 (Cap1/Cap1.aux) (Cap2/Cap2.aux) (Cap3/Cap3.aux) (Cap4/Cap4.aux) (Cap5/Cap5.aux) (Cap6/Cap6.aux) (Cap7/Cap7.aux) (Cap8/Cap8.aux) (Anexos/Anexos.aux))
\openout1 = `PlantillaTesis.aux'.

LaTeX Font Info:    Checking defaults for OML/cmm/m/it on input line 90.
LaTeX Font Info:    ... okay on input line 90.
LaTeX Font Info:    Checking defaults for OMS/cmsy/m/n on input line 90.
LaTeX Font Info:    ... okay on input line 90.
LaTeX Font Info:    Checking defaults for OT1/cmr/m/n on input line 90.
LaTeX Font Info:    ... okay on input line 90.
LaTeX Font Info:    Checking defaults for T1/cmr/m/n on input line 90.
LaTeX Font Info:    ... okay on input line 90.
LaTeX Font Info:    Checking defaults for TS1/cmr/m/n on input line 90.
LaTeX Font Info:    ... okay on input line 90.
LaTeX Font Info:    Checking defaults for OMX/cmex/m/n on input line 90.
LaTeX Font Info:    ... okay on input line 90.
LaTeX Font Info:    Checking defaults for U/cmr/m/n on input line 90.
LaTeX Font Info:    ... okay on input line 90.
LaTeX Font Info:    Checking defaults for PD1/pdf/m/n on input line 90.
LaTeX Font Info:    ... okay on input line 90.
LaTeX Font Info:    Checking defaults for PU/pdf/m/n on input line 90.
LaTeX Font Info:    ... okay on input line 90.
LaTeX Info: Redefining \. on input line 90.
LaTeX Info: Redefining \% on input line 90.
 (C:\Users\John\AppData\Local\Programs\MiKTeX\tex/context/base/mkii\supp-pdf.mkii
[Loading MPS to PDF converter (version 2006.09.02).]
\scratchcounter=\count473
\scratchdimen=\dimen199
\scratchbox=\box72
\nofMPsegments=\count474
\nofMParguments=\count475
\everyMPshowfont=\toks35
\MPscratchCnt=\count476
\MPscratchDim=\dimen256
\MPnumerator=\count477
\makeMPintoPDFobject=\count478
\everyMPtoPDFconversion=\toks36
) (C:\Users\John\AppData\Local\Programs\MiKTeX\tex/latex/epstopdf-pkg\epstopdf-base.sty
Package: epstopdf-base 2020-01-24 v2.11 Base part for package epstopdf
Package epstopdf-base Info: Redefining graphics rule for `.eps' on input line 485.
 (C:\Users\John\AppData\Local\Programs\MiKTeX\tex/latex/00miktex\epstopdf-sys.cfg
File: epstopdf-sys.cfg 2021/03/18 v2.0 Configuration of epstopdf for MiKTeX
))
Package caption Info: Begin \AtBeginDocument code.
Package caption Info: hyperref package is loaded.
Package caption Info: listings package is loaded.
Package caption Info: longtable package is loaded.
 (C:\Users\John\AppData\Local\Programs\MiKTeX\tex/latex/caption\ltcaption.sty
Package: ltcaption 2021/01/08 v1.4c longtable captions (AR)
)
Package caption Info: rotating package is loaded.
Package caption Info: End \AtBeginDocument code.
\c@lstlisting=\count479
Package tocbasic Info: setting babel extension for `lol' on input line 90.
\scr@dte@lstlisting@maxnumwidth=\skip117
Package biblatex Info: Trying to load language 'spanish'...
Package biblatex Info: ... file 'spanish.lbx' found.
 (C:\Users\John\AppData\Local\Programs\MiKTeX\tex/latex/biblatex/lbx\spanish.lbx
File: spanish.lbx 2025/07/10 v3.21 biblatex localization (PK/MW)
)
Package biblatex Info: Input encoding 'utf8' detected.
Package biblatex Info: Automatic encoding selection.
(biblatex)             Assuming data encoding 'utf8'.
Package biblatex Info: Input encoding 'utf8' detected.
Package biblatex Info: Data encoding 'utf8' specified.
(biblatex)             No need to reencode data.
\openout3 = `PlantillaTesis-blx.bib'.

Package biblatex Info: Trying to load bibliographic data...
Package biblatex Info: ... file 'PlantillaTesis.bbl' found.
 (PlantillaTesis.bbl)
Package biblatex Info: Reference section=0 on input line 90.
Package biblatex Info: Reference segment=0 on input line 90.
 (C:\Users\John\AppData\Local\Programs\MiKTeX\tex/latex/graphics\color.sty
Package: color 2025/01/14 v1.3e Standard LaTeX Color (DPC)
 (C:\Users\John\AppData\Local\Programs\MiKTeX\tex/latex/graphics-cfg\color.cfg
File: color.cfg 2016/01/02 v1.6 sample color configuration
)
Package color Info: Driver file: pdftex.def on input line 149.
 (C:\Users\John\AppData\Local\Programs\MiKTeX\tex/latex/graphics\mathcolor.ltx))
Package hyperref Info: Link coloring ON on input line 90.
\openout2 = `HojaTitulo/HojaTituloMSc.aux'.

 (HojaTitulo/HojaTituloMSc.tex
<HojaTitulo/EscudoUnicauca.png, id=3, 353.82187pt x 383.18156pt>
File: HojaTitulo/EscudoUnicauca.png Graphic file (type png)
<use HojaTitulo/EscudoUnicauca.png>
Package pdftex.def Info: HojaTitulo/EscudoUnicauca.png  used on input line 16.
(pdftex.def)             Requested size: 106.14737pt x 114.95535pt.


LaTeX Font Warning: Font shape `T1/calligra/m/it' undefined
(Font)              using `T1/calligra/m/n' instead on input line 31.

LaTeX Font Info:    Font shape `T1/calligra/m/n' will be
(Font)              scaled to size 35.82726pt on input line 31.
) [1


{C:/Users/John/AppData/Local/MiKTeX/fonts/map/pdftex/pdftex.map} <./HojaTitulo/EscudoUnicauca.png>] (PlantillaTesis.toc
LaTeX Info: Redefining \sptext on input line 1.
LaTeX Info: Redefining \. on input line 1.
LaTeX Info: Redefining \% on input line 1.
Package tocbasic Info: Using my definition of `\numberline' on input line 2.


LaTeX Font Warning: Font shape `T1/cmss/bx/sc' undefined
(Font)              using `T1/cmss/bx/n' instead on input line 2.


Package spanish Warning: Replacing `T1/cmss/bx/sc' by 
(spanish)                faked small caps on input line 2.

Package tocbasic Info: Using my definition of `\numberline' on input line 3.

Package spanish Warning: Replacing `T1/cmss/bx/sc' by 
(spanish)                faked small caps on input line 3.

Package tocbasic Info: Using my definition of `\numberline' on input line 4.
Package tocbasic Info: Using my definition of `\numberline' on input line 5.
Package tocbasic Info: Using my definition of `\numberline' on input line 6.
Package tocbasic Info: Using my definition of `\numberline' on input line 7.
Package tocbasic Info: Using my definition of `\numberline' on input line 8.
Package tocbasic Info: Using my definition of `\numberline' on input line 9.
Package tocbasic Info: Using my definition of `\numberline' on input line 10.
Package tocbasic Info: Using my definition of `\numberline' on input line 11.
Package tocbasic Info: Using my definition of `\numberline' on input line 12.
Package tocbasic Info: Using my definition of `\numberline' on input line 13.
Package tocbasic Info: Using my definition of `\numberline' on input line 14.
Package tocbasic Info: Using my definition of `\numberline' on input line 15.
Package tocbasic Info: Using my definition of `\numberline' on input line 16.
Package tocbasic Info: Using my definition of `\numberline' on input line 17.
Package tocbasic Info: Using my definition of `\numberline' on input line 18.
Package tocbasic Info: Using my definition of `\numberline' on input line 19.
Package tocbasic Info: Using my definition of `\numberline' on input line 20.
Package tocbasic Info: Using my definition of `\numberline' on input line 21.
Package tocbasic Info: Using my definition of `\numberline' on input line 22.
Package tocbasic Info: Using my definition of `\numberline' on input line 23.
Package tocbasic Info: Using my definition of `\numberline' on input line 24.
Package tocbasic Info: Using my definition of `\numberline' on input line 25.
Package tocbasic Info: Using my definition of `\numberline' on input line 26.
Package tocbasic Info: Using my definition of `\numberline' on input line 27.
Package tocbasic Info: Using my definition of `\numberline' on input line 28.
Package tocbasic Info: Using my definition of `\numberline' on input line 29.
Package tocbasic Info: Using my definition of `\numberline' on input line 30.
Package tocbasic Info: Using my definition of `\numberline' on input line 31.
[2



]
Package tocbasic Info: Using my definition of `\numberline' on input line 32.
Package tocbasic Info: Using my definition of `\numberline' on input line 33.
Package tocbasic Info: Using my definition of `\numberline' on input line 34.
Package tocbasic Info: Using my definition of `\numberline' on input line 35.
Package tocbasic Info: Using my definition of `\numberline' on input line 36.
Package tocbasic Info: Using my definition of `\numberline' on input line 37.
Package tocbasic Info: Using my definition of `\numberline' on input line 38.
Package tocbasic Info: Using my definition of `\numberline' on input line 39.
Package tocbasic Info: Using my definition of `\numberline' on input line 40.
Package tocbasic Info: Using my definition of `\numberline' on input line 41.
Package tocbasic Info: Using my definition of `\numberline' on input line 42.
Package tocbasic Info: Using my definition of `\numberline' on input line 43.
Package tocbasic Info: Using my definition of `\numberline' on input line 44.
Package tocbasic Info: Using my definition of `\numberline' on input line 45.
Package tocbasic Info: Using my definition of `\numberline' on input line 46.
Package tocbasic Info: Using my definition of `\numberline' on input line 47.
Package tocbasic Info: Using my definition of `\numberline' on input line 48.
Package tocbasic Info: Using my definition of `\numberline' on input line 49.
Package tocbasic Info: Using my definition of `\numberline' on input line 50.
Package tocbasic Info: Using my definition of `\numberline' on input line 51.
Package tocbasic Info: Using my definition of `\numberline' on input line 52.
Package tocbasic Info: Using my definition of `\numberline' on input line 53.
Package tocbasic Info: Using my definition of `\numberline' on input line 54.
Package tocbasic Info: Using my definition of `\numberline' on input line 55.
Package tocbasic Info: Using my definition of `\numberline' on input line 56.
Package tocbasic Info: Using my definition of `\numberline' on input line 57.
Package tocbasic Info: Using my definition of `\numberline' on input line 58.
Package tocbasic Info: Using my definition of `\numberline' on input line 59.
Package tocbasic Info: Using my definition of `\numberline' on input line 60.
Package tocbasic Info: Using my definition of `\numberline' on input line 63.
Package tocbasic Info: Using my definition of `\numberline' on input line 66.
Package tocbasic Info: Using my definition of `\numberline' on input line 67.
Package tocbasic Info: Using my definition of `\numberline' on input line 68.
Package tocbasic Info: Using my definition of `\numberline' on input line 69.
Package tocbasic Info: Using my definition of `\numberline' on input line 70.
Package tocbasic Info: Using my definition of `\numberline' on input line 71.
Package tocbasic Info: Using my definition of `\numberline' on input line 72.
LaTeX Info: Redefining \sptext on input line 73.
LaTeX Info: Redefining \. on input line 73.
LaTeX Info: Redefining \% on input line 73.
Package babel Info: 'spanish' activates 'spanish' shorthands.
(babel)             Reported on input line 73.
 [3]
Package tocbasic Info: Using my definition of `\numberline' on input line 73.
Package tocbasic Info: Using my definition of `\numberline' on input line 74.
Package tocbasic Info: Using my definition of `\numberline' on input line 75.
Package tocbasic Info: Using my definition of `\numberline' on input line 76.
Package tocbasic Info: Using my definition of `\numberline' on input line 79.
Package tocbasic Info: Using my definition of `\numberline' on input line 81.
Package tocbasic Info: Using my definition of `\numberline' on input line 82.
Package tocbasic Info: Using my definition of `\numberline' on input line 83.
Package tocbasic Info: Using my definition of `\numberline' on input line 84.
)
\tf@toc=\write4
\openout4 = `PlantillaTesis.toc'.

LaTeX Info: Redefining \. on input line 103.
LaTeX Info: Redefining \% on input line 103.
 [4] (PlantillaTesis.lof
LaTeX Info: Redefining \sptext on input line 1.
LaTeX Info: Redefining \. on input line 1.
LaTeX Info: Redefining \% on input line 1.
Package tocbasic Info: Using my definition of `\numberline' on input line 2.
Package tocbasic Info: Using my definition of `\numberline' on input line 3.
Package tocbasic Info: Using my definition of `\numberline' on input line 4.
Package tocbasic Info: Using my definition of `\numberline' on input line 5.
Package tocbasic Info: Using my definition of `\numberline' on input line 6.
Package tocbasic Info: Using my definition of `\numberline' on input line 7.
Package tocbasic Info: Using my definition of `\numberline' on input line 8.
Package tocbasic Info: Using my definition of `\numberline' on input line 9.
Package tocbasic Info: Using my definition of `\numberline' on input line 10.
Package tocbasic Info: Using my definition of `\numberline' on input line 11.
Package tocbasic Info: Using my definition of `\numberline' on input line 12.
Package tocbasic Info: Using my definition of `\numberline' on input line 13.
Package tocbasic Info: Using my definition of `\numberline' on input line 14.
Package tocbasic Info: Using my definition of `\numberline' on input line 15.
Package tocbasic Info: Using my definition of `\numberline' on input line 16.
Package tocbasic Info: Using my definition of `\numberline' on input line 17.
Package tocbasic Info: Using my definition of `\numberline' on input line 18.
Package tocbasic Info: Using my definition of `\numberline' on input line 19.
Package tocbasic Info: Using my definition of `\numberline' on input line 20.
Package tocbasic Info: Using my definition of `\numberline' on input line 21.
Package tocbasic Info: Using my definition of `\numberline' on input line 22.
Package tocbasic Info: Using my definition of `\numberline' on input line 23.
Package tocbasic Info: Using my definition of `\numberline' on input line 24.
Package tocbasic Info: Using my definition of `\numberline' on input line 25.
Package tocbasic Info: Using my definition of `\numberline' on input line 26.
Package tocbasic Info: Using my definition of `\numberline' on input line 27.
Package tocbasic Info: Using my definition of `\numberline' on input line 28.
Package tocbasic Info: Using my definition of `\numberline' on input line 29.
Package tocbasic Info: Using my definition of `\numberline' on input line 30.
Package tocbasic Info: Using my definition of `\numberline' on input line 31.
Package tocbasic Info: Using my definition of `\numberline' on input line 32.
Package tocbasic Info: Using my definition of `\numberline' on input line 33.
Package tocbasic Info: Using my definition of `\numberline' on input line 34.
 [5


]
Package tocbasic Info: Using my definition of `\numberline' on input line 35.
Package tocbasic Info: Using my definition of `\numberline' on input line 36.
Package tocbasic Info: Using my definition of `\numberline' on input line 37.
Package tocbasic Info: Using my definition of `\numberline' on input line 38.
Package tocbasic Info: Using my definition of `\numberline' on input line 39.
Package tocbasic Info: Using my definition of `\numberline' on input line 40.
Package tocbasic Info: Using my definition of `\numberline' on input line 41.
Package tocbasic Info: Using my definition of `\numberline' on input line 42.
Package tocbasic Info: Using my definition of `\numberline' on input line 43.
Package tocbasic Info: Using my definition of `\numberline' on input line 44.
Package tocbasic Info: Using my definition of `\numberline' on input line 45.
Package tocbasic Info: Using my definition of `\numberline' on input line 46.
Package tocbasic Info: Using my definition of `\numberline' on input line 47.
Package tocbasic Info: Using my definition of `\numberline' on input line 48.
Package tocbasic Info: Using my definition of `\numberline' on input line 49.
Package tocbasic Info: Using my definition of `\numberline' on input line 50.
Package tocbasic Info: Using my definition of `\numberline' on input line 51.
)
\tf@lof=\write5
\openout5 = `PlantillaTesis.lof'.

LaTeX Info: Redefining \. on input line 108.
LaTeX Info: Redefining \% on input line 108.
 [6] (PlantillaTesis.lot
LaTeX Info: Redefining \sptext on input line 1.
LaTeX Info: Redefining \. on input line 1.
LaTeX Info: Redefining \% on input line 1.
Package tocbasic Info: Using my definition of `\numberline' on input line 2.
Package tocbasic Info: Using my definition of `\numberline' on input line 3.
Package tocbasic Info: Using my definition of `\numberline' on input line 4.
Package tocbasic Info: Using my definition of `\numberline' on input line 5.
Package tocbasic Info: Using my definition of `\numberline' on input line 6.
Package tocbasic Info: Using my definition of `\numberline' on input line 7.
Package tocbasic Info: Using my definition of `\numberline' on input line 8.
Package tocbasic Info: Using my definition of `\numberline' on input line 9.
Package tocbasic Info: Using my definition of `\numberline' on input line 10.
Package tocbasic Info: Using my definition of `\numberline' on input line 11.
Package tocbasic Info: Using my definition of `\numberline' on input line 12.
Package tocbasic Info: Using my definition of `\numberline' on input line 13.
)
\tf@lot=\write6
\openout6 = `PlantillaTesis.lot'.

 [7


]
\openout2 = `Cap1/Cap1.aux'.

 (Cap1/Cap1.tex [1



]
Underfull \vbox (badness 10000) has occurred while \output is active []

LaTeX Info: Redefining \. on input line 28.
LaTeX Info: Redefining \% on input line 28.
 [2]
LaTeX Info: Redefining \. on input line 47.
LaTeX Info: Redefining \% on input line 47.
 [3]
LaTeX Info: Redefining \. on input line 58.
LaTeX Info: Redefining \% on input line 58.
 [4]
LaTeX Info: Redefining \. on input line 67.
LaTeX Info: Redefining \% on input line 67.
 [5] (Cap1/Tablas/Iteracion1.tex
Underfull \hbox (badness 5771) in paragraph at lines 14--14
[]|\T1/cmr/bx/n/12 Roles in-vo-lu-
 []


LaTeX Warning: `h' float specifier changed to `ht'.

) (Cap1/Tablas/Iteracion2.tex
Underfull \hbox (badness 5771) in paragraph at lines 13--13
[]|\T1/cmr/bx/n/12 Roles in-vo-lu-
 []


LaTeX Warning: `h' float specifier changed to `ht'.

) (Cap1/Tablas/Iteracion3.tex
Underfull \hbox (badness 5771) in paragraph at lines 13--13
[]|\T1/cmr/bx/n/12 Roles in-vo-lu-
 []


LaTeX Warning: `h' float specifier changed to `ht'.

) (Cap1/Tablas/Iteracion4.tex
Underfull \hbox (badness 5771) in paragraph at lines 13--13
[]|\T1/cmr/bx/n/12 Roles in-vo-lu-
 []


LaTeX Warning: `h' float specifier changed to `ht'.

) (Cap1/Tablas/Iteracion5.tex
Underfull \hbox (badness 5771) in paragraph at lines 13--13
[]|\T1/cmr/bx/n/12 Roles in-vo-lu-
 []


LaTeX Warning: `h' float specifier changed to `ht'.

) (Cap1/Tablas/Iteracion6.tex
Underfull \hbox (badness 5771) in paragraph at lines 13--13
[]|\T1/cmr/bx/n/12 Roles in-vo-lu-
 []


LaTeX Warning: `h' float specifier changed to `ht'.

))
LaTeX Info: Redefining \. on input line 121.
LaTeX Info: Redefining \% on input line 121.
 [6]
LaTeX Info: Redefining \. on input line 121.
LaTeX Info: Redefining \% on input line 121.
 [7]
LaTeX Info: Redefining \. on input line 121.
LaTeX Info: Redefining \% on input line 121.
 [8]
LaTeX Info: Redefining \. on input line 121.
LaTeX Info: Redefining \% on input line 121.
 [9]
LaTeX Info: Redefining \. on input line 121.
LaTeX Info: Redefining \% on input line 121.
 [10]
\openout2 = `Cap2/Cap2.aux'.

 (Cap2/Cap2.tex
Underfull \vbox (badness 10000) has occurred while \output is active []

 [11




]
Underfull \vbox (badness 3557) has occurred while \output is active []

LaTeX Info: Redefining \. on input line 53.
LaTeX Info: Redefining \% on input line 53.
 [12]
LaTeX Info: Redefining \. on input line 67.
LaTeX Info: Redefining \% on input line 67.
 [13]
LaTeX Info: Redefining \. on input line 86.
LaTeX Info: Redefining \% on input line 86.
 [14]
LaTeX Info: Redefining \. on input line 104.
LaTeX Info: Redefining \% on input line 104.
 [15]
<Cap2/Figuras/Figura1.png, id=488, 581.17125pt x 334.24875pt>
File: Cap2/Figuras/Figura1.png Graphic file (type png)
<use Cap2/Figuras/Figura1.png>
Package pdftex.def Info: Cap2/Figuras/Figura1.png  used on input line 126.
(pdftex.def)             Requested size: 281.69035pt x 162.00844pt.


LaTeX Warning: `!h' float specifier changed to `!ht'.

<Cap2/Figuras/Figura2.png, id=489, 581.17125pt x 334.24875pt>
File: Cap2/Figuras/Figura2.png Graphic file (type png)
<use Cap2/Figuras/Figura2.png>
Package pdftex.def Info: Cap2/Figuras/Figura2.png  used on input line 133.
(pdftex.def)             Requested size: 281.69035pt x 162.00844pt.

LaTeX Warning: `!h' float specifier changed to `!ht'.

<Cap2/Figuras/Figura3.png, id=490, 581.17125pt x 334.24875pt>
File: Cap2/Figuras/Figura3.png Graphic file (type png)
<use Cap2/Figuras/Figura3.png>
Package pdftex.def Info: Cap2/Figuras/Figura3.png  used on input line 140.
(pdftex.def)             Requested size: 281.69035pt x 162.00844pt.

LaTeX Warning: `!h' float specifier changed to `!ht'.

LaTeX Info: Redefining \. on input line 145.
LaTeX Info: Redefining \% on input line 145.
[16]
Underfull \vbox (badness 10000) has occurred while \output is active []

LaTeX Info: Redefining \. on input line 148.
LaTeX Info: Redefining \% on input line 148.
 [17 <./Cap2/Figuras/Figura1.png> <./Cap2/Figuras/Figura2.png> <./Cap2/Figuras/Figura3.png>] (Cap2/Tablas/LineamientosDesarrollo.tex)
LaTeX Info: Redefining \. on input line 156.
LaTeX Info: Redefining \% on input line 156.
 [18])
LaTeX Info: Redefining \. on input line 122.
LaTeX Info: Redefining \% on input line 122.
 [19]
\openout2 = `Cap3/Cap3.aux'.

 (Cap3/Cap3.tex
<Cap3/Figuras/Diagrama General-Diagrama Principal.drawio.png, id=519, 1790.69pt x 867.24pt>
File: Cap3/Figuras/Diagrama General-Diagrama Principal.drawio.png Graphic file (type png)
<use Cap3/Figuras/Diagrama General-Diagrama Principal.drawio.png>
Package pdftex.def Info: Cap3/Figuras/Diagrama General-Diagrama Principal.drawio.png  used on input line 8.
(pdftex.def)             Requested size: 469.47571pt x 227.3694pt.
 [20




 <./Cap3/Figuras/Diagrama General-Diagrama Principal.drawio.png>]
<Cap3/Figuras/Diagrama General-Cuentas contables.png, id=526, 4199.69pt x 2304.61pt>
File: Cap3/Figuras/Diagrama General-Cuentas contables.png Graphic file (type png)
<use Cap3/Figuras/Diagrama General-Cuentas contables.png>
Package pdftex.def Info: Cap3/Figuras/Diagrama General-Cuentas contables.png  used on input line 22.
(pdftex.def)             Requested size: 422.4928pt x 231.84595pt.
LaTeX Info: Redefining \. on input line 27.
LaTeX Info: Redefining \% on input line 27.
 [21 <./Cap3/Figuras/Diagrama General-Cuentas contables.png>]
<Cap3/Figuras/Diagrama General-Impuestos.png, id=532, 2380.895pt x 1654.18pt>
File: Cap3/Figuras/Diagrama General-Impuestos.png Graphic file (type png)
<use Cap3/Figuras/Diagrama General-Impuestos.png>
Package pdftex.def Info: Cap3/Figuras/Diagrama General-Impuestos.png  used on input line 33.
(pdftex.def)             Requested size: 422.51192pt x 293.54959pt.
LaTeX Info: Redefining \. on input line 38.
LaTeX Info: Redefining \% on input line 38.
 [22 <./Cap3/Figuras/Diagrama General-Impuestos.png>]
<Cap3/Figuras/Diagrama General-Terceros.png, id=538, 3697.815pt x 1818.795pt>
File: Cap3/Figuras/Diagrama General-Terceros.png Graphic file (type png)
<use Cap3/Figuras/Diagrama General-Terceros.png>
Package pdftex.def Info: Cap3/Figuras/Diagrama General-Terceros.png  used on input line 44.
(pdftex.def)             Requested size: 469.44803pt x 230.90114pt.
LaTeX Info: Redefining \. on input line 49.
LaTeX Info: Redefining \% on input line 49.
 [23 <./Cap3/Figuras/Diagrama General-Terceros.png>]
<Cap3/Figuras/Diagrama General-Inventario productos.png, id=544, 3693.8pt x 1682.285pt>
File: Cap3/Figuras/Diagrama General-Inventario productos.png Graphic file (type png)
<use Cap3/Figuras/Diagrama General-Inventario productos.png>
Package pdftex.def Info: Cap3/Figuras/Diagrama General-Inventario productos.png  used on input line 55.
(pdftex.def)             Requested size: 469.44557pt x 213.80183pt.
LaTeX Info: Redefining \. on input line 60.
LaTeX Info: Redefining \% on input line 60.
 [24 <./Cap3/Figuras/Diagrama General-Inventario productos.png>]
<Cap3/Figuras/Diagrama General-Metodos de pago.png, id=551, 3505.095pt x 1658.195pt>
File: Cap3/Figuras/Diagrama General-Metodos de pago.png Graphic file (type png)
<use Cap3/Figuras/Diagrama General-Metodos de pago.png>
Package pdftex.def Info: Cap3/Figuras/Diagrama General-Metodos de pago.png  used on input line 66.
(pdftex.def)             Requested size: 469.42358pt x 222.07553pt.
LaTeX Info: Redefining \. on input line 71.
LaTeX Info: Redefining \% on input line 71.
 [25 <./Cap3/Figuras/Diagrama General-Metodos de pago.png>]
<Cap3/Figuras/Diagrama General-Tipos de documentos.png, id=557, 3854.4pt x 1778.645pt>
File: Cap3/Figuras/Diagrama General-Tipos de documentos.png Graphic file (type png)
<use Cap3/Figuras/Diagrama General-Tipos de documentos.png>
Package pdftex.def Info: Cap3/Figuras/Diagrama General-Tipos de documentos.png  used on input line 77.
(pdftex.def)             Requested size: 469.44803pt x 216.63069pt.
LaTeX Info: Redefining \. on input line 82.
LaTeX Info: Redefining \% on input line 82.
 [26 <./Cap3/Figuras/Diagrama General-Tipos de documentos.png>]
<Cap3/Figuras/Diagrama General-Banco y Cuentas Bancarias.png, id=563, 3481.005pt x 1606.0pt>
File: Cap3/Figuras/Diagrama General-Banco y Cuentas Bancarias.png Graphic file (type png)
<use Cap3/Figuras/Diagrama General-Banco y Cuentas Bancarias.png>
Package pdftex.def Info: Cap3/Figuras/Diagrama General-Banco y Cuentas Bancarias.png  used on input line 88.
(pdftex.def)             Requested size: 469.43736pt x 216.5801pt.
LaTeX Info: Redefining \. on input line 93.
LaTeX Info: Redefining \% on input line 93.
 [27 <./Cap3/Figuras/Diagrama General-Banco y Cuentas Bancarias.png>]
<Cap3/Figuras/Diagrama General-Centros de Costo.png, id=569, 3569.335pt x 1846.9pt>
File: Cap3/Figuras/Diagrama General-Centros de Costo.png Graphic file (type png)
<use Cap3/Figuras/Diagrama General-Centros de Costo.png>
Package pdftex.def Info: Cap3/Figuras/Diagrama General-Centros de Costo.png  used on input line 99.
(pdftex.def)             Requested size: 469.42174pt x 242.89539pt.
LaTeX Info: Redefining \. on input line 104.
LaTeX Info: Redefining \% on input line 104.
 [28 <./Cap3/Figuras/Diagrama General-Centros de Costo.png>]
<Cap3/Figuras/Diagrama General-Cuadros de Ayuda.png, id=575, 855.195pt x 1260.71pt>
File: Cap3/Figuras/Diagrama General-Cuadros de Ayuda.png Graphic file (type png)
<use Cap3/Figuras/Diagrama General-Cuadros de Ayuda.png>
Package pdftex.def Info: Cap3/Figuras/Diagrama General-Cuadros de Ayuda.png  used on input line 110.
(pdftex.def)             Requested size: 187.7781pt x 276.81842pt.
LaTeX Info: Redefining \. on input line 115.
LaTeX Info: Redefining \% on input line 115.
 [29 <./Cap3/Figuras/Diagrama General-Cuadros de Ayuda.png>]
<Cap3/Figuras/Diagrama General-Calendario contable.png, id=581, 3741.98pt x 1750.54pt>
File: Cap3/Figuras/Diagrama General-Calendario contable.png Graphic file (type png)
<use Cap3/Figuras/Diagrama General-Calendario contable.png>
Package pdftex.def Info: Cap3/Figuras/Diagrama General-Calendario contable.png  used on input line 121.
(pdftex.def)             Requested size: 469.45929pt x 219.61829pt.
)
LaTeX Info: Redefining \. on input line 123.
LaTeX Info: Redefining \% on input line 123.
 [30 <./Cap3/Figuras/Diagrama General-Calendario contable.png>]
\openout2 = `Cap4/Cap4.aux'.

 (Cap4/Cap4.tex
Underfull \vbox (badness 10000) has occurred while \output is active []

 [31




]
<Cap4/Figuras/PBL.png, id=594, 885.3075pt x 599.99156pt>
File: Cap4/Figuras/PBL.png Graphic file (type png)
<use Cap4/Figuras/PBL.png>
Package pdftex.def Info: Cap4/Figuras/PBL.png  used on input line 22.
(pdftex.def)             Requested size: 469.48091pt x 318.17711pt.
LaTeX Info: Redefining \. on input line 30.
LaTeX Info: Redefining \% on input line 30.
 [32 <./Cap4/Figuras/PBL.png>] (Cap4/Tablas/stakeholders.tex)
LaTeX Info: Redefining \. on input line 43.
LaTeX Info: Redefining \% on input line 43.
 [33] (Cap4/Tablas/listaTareas.tex
Overfull \hbox (7.32083pt too wide) in alignment at lines 1--7
 [] [] [] [] 
 []


Overfull \hbox (7.32083pt too wide) in alignment at lines 7--12
 [] [] [] [] 
 []


Overfull \hbox (7.32083pt too wide) in alignment at lines 12--14
 [] [] [] [] 
 []


Overfull \hbox (7.32083pt too wide) in alignment at lines 14--15
 [] [] [] [] 
 []


Underfull \hbox (badness 10000) in paragraph at lines 40--41
[]|\T1/cmr/m/n/12 Activar/Desactivar ta-ri-fas
 []


Underfull \hbox (badness 1348) in paragraph at lines 62--63
[]|\T1/cmr/m/n/12 Importar pro-duc-tos des-de
 []


Underfull \hbox (badness 1590) in paragraph at lines 76--77
[]|\T1/cmr/m/n/12 Activar/Desactivar cen-tros
 []


Underfull \hbox (badness 10000) in paragraph at lines 86--87
[]|\T1/cmr/m/n/12 Activar/Desactivar m-to-
 []


Underfull \hbox (badness 2111) in paragraph at lines 90--91
[]|\T1/cmr/m/n/12 Modificar ti-pos de do-cu-
 []


Underfull \hbox (badness 1622) in paragraph at lines 94--95
[]|\T1/cmr/m/n/12 Consultar ti-pos de do-cu-
 []


Underfull \hbox (badness 1590) in paragraph at lines 116--117
[]|\T1/cmr/m/n/12 Activar/Desactivar cen-tros
 []


Underfull \hbox (badness 1348) in paragraph at lines 126--127
[]|\T1/cmr/m/n/12 Consultar pe-rio-dos con-ta-
 []


Overfull \hbox (7.32083pt too wide) in alignment at lines 15--128
 [] [] [] [] 
 []

ignored error: Infinite glue shrinkage found in box being split
LaTeX Info: Redefining \. on input line 128.
LaTeX Info: Redefining \% on input line 128.
 [34]
ignored error: Infinite glue shrinkage found in box being split
LaTeX Info: Redefining \. on input line 128.
LaTeX Info: Redefining \% on input line 128.
 [35]) (Cap4/Tablas/epicas.tex
Underfull \hbox (badness 2134) in paragraph at lines 29--32
\T1/cmr/m/n/12 duc-tos ac-tua-li-za-da y co-rrec-ta-
 []


Underfull \hbox (badness 2020) in paragraph at lines 37--40
\T1/cmr/m/n/12 Para au-to-ma-ti-zar los re-gis-tros
 []


Underfull \hbox (badness 2512) in paragraph at lines 37--40
\T1/cmr/m/n/12 con-ta-bles en com-pro-ban-tes de
 []


Underfull \hbox (badness 1394) in paragraph at lines 49--52
\T1/cmr/m/n/12 con-ta-bles y pre-su-pues-ta-les por
 []


Underfull \hbox (badness 2547) in paragraph at lines 53--56
\T1/cmr/m/n/12 Quiero ges-tio-nar el ca-len-da-rio
 []

ignored error: Infinite glue shrinkage found in box being split
LaTeX Info: Redefining \. on input line 57.
LaTeX Info: Redefining \% on input line 57.
 [36]
ignored error: Infinite glue shrinkage found in box being split
LaTeX Info: Redefining \. on input line 57.
LaTeX Info: Redefining \% on input line 57.
 [37]) (Cap4/Tablas/historiasUsuario.tex
Overfull \hbox (21.5472pt too wide) in alignment at lines 1--7
 [] [] [] [] 
 []


Overfull \hbox (21.5472pt too wide) in alignment at lines 7--12
 [] [] [] [] 
 []


Overfull \hbox (21.5472pt too wide) in alignment at lines 12--14
 [] [] [] [] 
 []


Overfull \hbox (21.5472pt too wide) in alignment at lines 14--15
 [] [] [] [] 
 []


Underfull \hbox (badness 10000) in paragraph at lines 16--16
[]|\T1/cmr/m/n/12 HE-01-
 []


Underfull \hbox (badness 10000) in paragraph at lines 16--16
[]|\T1/cmr/m/n/12 Activar/desactivar
 []


Underfull \hbox (badness 10000) in paragraph at lines 16--18
\T1/cmr/m/n/12 Quiero ac-ti-
 []


Underfull \hbox (badness 10000) in paragraph at lines 16--18
\T1/cmr/m/n/12 var/desactivar las
 []


Underfull \hbox (badness 1057) in paragraph at lines 16--18
\T1/cmr/m/n/12 cuen-tas con-ta-bles en
 []


Underfull \hbox (badness 10000) in paragraph at lines 16--18
\T1/cmr/m/n/12 Para con-tro-lar qu
 []


Underfull \hbox (badness 1590) in paragraph at lines 16--18
\T1/cmr/m/n/12 cuen-tas es-tn dis-po-
 []


Underfull \hbox (badness 1533) in paragraph at lines 18--22
[]|\T1/cmr/m/n/12 CA-01: Da-do que me en-cuen-
 []


Underfull \hbox (badness 5475) in paragraph at lines 18--22
\T1/cmr/m/n/12 tro en la in-ter-faz con-fi-gu-ra-
 []


Underfull \hbox (badness 1533) in paragraph at lines 18--22
\T1/cmr/m/n/12 CA-02: Da-do que me en-cuen-
 []


Underfull \hbox (badness 5475) in paragraph at lines 18--22
\T1/cmr/m/n/12 tro en la in-ter-faz con-fi-gu-ra-
 []


Underfull \hbox (badness 10000) in paragraph at lines 23--23
[]|\T1/cmr/m/n/12 HE-02-
 []


Underfull \hbox (badness 10000) in paragraph at lines 23--25
\T1/cmr/m/n/12 Quiero ac-ti-
 []


Underfull \hbox (badness 10000) in paragraph at lines 23--25
\T1/cmr/m/n/12 var/desactivar las
 []


Underfull \hbox (badness 10000) in paragraph at lines 23--25
\T1/cmr/m/n/12 Para con-tro-lar qu
 []


Underfull \hbox (badness 1558) in paragraph at lines 23--25
\T1/cmr/m/n/12 im-pues-tos es-tn dis-
 []


Underfull \hbox (badness 10000) in paragraph at lines 23--25
\T1/cmr/m/n/12 po-ni-bles pa-ra uso
 []


Underfull \hbox (badness 10000) in paragraph at lines 23--25
\T1/cmr/m/n/12 en las ope-ra-cio-nes
 []


Underfull \hbox (badness 1533) in paragraph at lines 25--31
[]|\T1/cmr/m/n/12 CA-01: Da-do que me en-cuen-
 []


Underfull \hbox (badness 5475) in paragraph at lines 25--31
\T1/cmr/m/n/12 tro en la in-ter-faz con-fi-gu-ra-
 []


Underfull \hbox (badness 1533) in paragraph at lines 25--31
\T1/cmr/m/n/12 CA-02: Da-do que me en-cuen-
 []


Underfull \hbox (badness 5475) in paragraph at lines 25--31
\T1/cmr/m/n/12 tro en la in-ter-faz con-fi-gu-ra-
 []


Underfull \hbox (badness 10000) in paragraph at lines 32--32
[]|\T1/cmr/m/n/12 HE-03-
 []


Underfull \hbox (badness 10000) in paragraph at lines 32--34
\T1/cmr/m/n/12 Quiero ac-ti-
 []


Underfull \hbox (badness 10000) in paragraph at lines 32--34
\T1/cmr/m/n/12 var/desactivar la
 []


Underfull \hbox (badness 10000) in paragraph at lines 32--34
\T1/cmr/m/n/12 Para con-ser-var re-
 []


Underfull \hbox (badness 10000) in paragraph at lines 32--34
\T1/cmr/m/n/12 gis-tros vi-gen-tes y
 []


Underfull \hbox (badness 2189) in paragraph at lines 34--42
\T1/cmr/m/n/12 en la in-ter-faz con-fi-gu-ra-cin /
 []


Underfull \hbox (badness 1320) in paragraph at lines 34--42
\T1/cmr/m/n/12 Ter-ce-ros y he se-lec-cio-na-do un
 []


Underfull \hbox (badness 10000) in paragraph at lines 34--42
\T1/cmr/m/n/12 Cuando doy clic en Ac-ti-
 []


Underfull \hbox (badness 2189) in paragraph at lines 34--42
\T1/cmr/m/n/12 en la in-ter-faz con-fi-gu-ra-cin /
 []


Underfull \hbox (badness 1688) in paragraph at lines 34--42
\T1/cmr/m/n/12 y he se-lec-cio-na-do un ti-po de
 []


Underfull \hbox (badness 10000) in paragraph at lines 34--42
\T1/cmr/m/n/12 Cuando doy clic en Ac-ti-
 []


Underfull \hbox (badness 2189) in paragraph at lines 34--42
\T1/cmr/m/n/12 en la in-ter-faz con-fi-gu-ra-cin /
 []


Underfull \hbox (badness 10000) in paragraph at lines 34--42
\T1/cmr/m/n/12 Cuando doy clic en Ac-ti-
 []


Underfull \hbox (badness 1762) in paragraph at lines 34--42
\T1/cmr/m/n/12 el ti-po de ter-ce-ro fue ac-ti-va-
 []


Underfull \hbox (badness 10000) in paragraph at lines 43--43
[]|\T1/cmr/m/n/12 HE-06-
 []


Underfull \hbox (badness 10000) in paragraph at lines 43--43
[]|\T1/cmr/m/n/12 Activar/desactivar
 []


Underfull \hbox (badness 10000) in paragraph at lines 43--45
\T1/cmr/m/n/12 Quiero ac-ti-
 []


Underfull \hbox (badness 5316) in paragraph at lines 43--45
\T1/cmr/m/n/12 var/desactivar m-to-
 []


Underfull \hbox (badness 10000) in paragraph at lines 43--45
\T1/cmr/m/n/12 Para con-ser-var re-
 []


Underfull \hbox (badness 10000) in paragraph at lines 43--45
\T1/cmr/m/n/12 gis-tros vi-gen-tes y
 []


Underfull \hbox (badness 10000) in paragraph at lines 45--48
\T1/cmr/m/n/12 Cuando doy clic en Ac-ti-
 []


Overfull \hbox (21.5472pt too wide) in alignment at lines 15--49
 [] [] [] [] 
 []

LaTeX Info: Redefining \. on input line 49.
LaTeX Info: Redefining \% on input line 49.
[38]
ignored error: Infinite glue shrinkage found in box being split
LaTeX Info: Redefining \. on input line 49.
LaTeX Info: Redefining \% on input line 49.
 [39]
ignored error: Infinite glue shrinkage found in box being split
LaTeX Info: Redefining \. on input line 49.
LaTeX Info: Redefining \% on input line 49.
 [40])
LaTeX Info: Redefining \. on input line 70.
LaTeX Info: Redefining \% on input line 70.
 [41]
Underfull \vbox (badness 4072) has occurred while \output is active []

LaTeX Info: Redefining \. on input line 88.
LaTeX Info: Redefining \% on input line 88.
 [42]
<Cap4/Figuras/catalogo de cuentas.png, id=648, 2890.8pt x 1773.62625pt>
File: Cap4/Figuras/catalogo de cuentas.png Graphic file (type png)
<use Cap4/Figuras/catalogo de cuentas.png>
Package pdftex.def Info: Cap4/Figuras/catalogo de cuentas.png  used on input line 91.
(pdftex.def)             Requested size: 469.46272pt x 288.03494pt.
LaTeX Info: Redefining \. on input line 96.
LaTeX Info: Redefining \% on input line 96.
 [43 <./Cap4/Figuras/catalogo de cuentas.png>]
<Cap4/Figuras/inventario de productos.png, id=654, 2890.8pt x 1626.075pt>
File: Cap4/Figuras/inventario de productos.png Graphic file (type png)
<use Cap4/Figuras/inventario de productos.png>
Package pdftex.def Info: Cap4/Figuras/inventario de productos.png  used on input line 103.
(pdftex.def)             Requested size: 469.46272pt x 264.07278pt.
LaTeX Info: Redefining \. on input line 108.
LaTeX Info: Redefining \% on input line 108.
 [44 <./Cap4/Figuras/inventario de productos.png>]
<Cap4/Figuras/terceros.png, id=660, 2890.8pt x 1626.075pt>
File: Cap4/Figuras/terceros.png Graphic file (type png)
<use Cap4/Figuras/terceros.png>
Package pdftex.def Info: Cap4/Figuras/terceros.png  used on input line 115.
(pdftex.def)             Requested size: 469.46272pt x 264.07278pt.
LaTeX Info: Redefining \. on input line 121.
LaTeX Info: Redefining \% on input line 121.
 [45 <./Cap4/Figuras/terceros.png>]
<Cap4/Figuras/impuestos.png, id=666, 2890.8pt x 1626.075pt>
File: Cap4/Figuras/impuestos.png Graphic file (type png)
<use Cap4/Figuras/impuestos.png>
Package pdftex.def Info: Cap4/Figuras/impuestos.png  used on input line 128.
(pdftex.def)             Requested size: 469.46272pt x 264.07278pt.
)
LaTeX Info: Redefining \. on input line 124.
LaTeX Info: Redefining \% on input line 124.
 [46 <./Cap4/Figuras/impuestos.png>]
\openout2 = `Cap5/Cap5.aux'.

 (Cap5/Cap5.tex
Underfull \vbox (badness 10000) has occurred while \output is active []

 [47




]
<Cap5/Figuras/contexto.png, id=678, 1690.315pt x 1047.915pt>
File: Cap5/Figuras/contexto.png Graphic file (type png)
<use Cap5/Figuras/contexto.png>
Package pdftex.def Info: Cap5/Figuras/contexto.png  used on input line 25.
(pdftex.def)             Requested size: 469.46774pt x 291.0477pt.
LaTeX Info: Redefining \. on input line 30.
LaTeX Info: Redefining \% on input line 30.
 [48 <./Cap5/Figuras/contexto.png>]
<Cap5/Figuras/contenedor.png, id=687, 2545.51pt x 1824.8175pt>
File: Cap5/Figuras/contenedor.png Graphic file (type png)
<use Cap5/Figuras/contenedor.png>
Package pdftex.def Info: Cap5/Figuras/contenedor.png  used on input line 46.
(pdftex.def)             Requested size: 469.43602pt x 336.52786pt.


LaTeX Warning: `!h' float specifier changed to `!ht'.

LaTeX Info: Redefining \. on input line 51.
LaTeX Info: Redefining \% on input line 51.
[49] (Cap5/Tablas/contenedores.tex
Underfull \hbox (badness 10000) in paragraph at lines 9--10
[]|\T1/cmr/m/n/12 Sin par-ti-ci-pa-
 []


Underfull \hbox (badness 10000) in paragraph at lines 15--16
[]|\T1/cmr/m/n/12 Principal res-
 []


Underfull \hbox (badness 10000) in paragraph at lines 19--20
[]|\T1/cmr/m/n/12 Trabajo con-
 []


Underfull \hbox (badness 10000) in paragraph at lines 19--20
\T1/cmr/m/n/12 yen dia-gra-mas
 []


Underfull \hbox (badness 10000) in paragraph at lines 19--20
\T1/cmr/m/n/12 entidad-relacin,
 []


Underfull \hbox (badness 10000) in paragraph at lines 19--20
\T1/cmr/m/n/12 re-la-cio-na-les y
 []


LaTeX Warning: `!h' float specifier changed to `!ht'.

)
LaTeX Info: Redefining \. on input line 58.
LaTeX Info: Redefining \% on input line 58.
 [50 <./Cap5/Figuras/contenedor.png>]
<Cap5/Figuras/componentes.png, id=700, 1589.2173pt x 1128.1347pt>
File: Cap5/Figuras/componentes.png Graphic file (type png)
<use Cap5/Figuras/componentes.png>
Package pdftex.def Info: Cap5/Figuras/componentes.png  used on input line 65.
(pdftex.def)             Requested size: 469.46977pt x 333.26163pt.


LaTeX Warning: `!h' float specifier changed to `!ht'.


Underfull \vbox (badness 10000) has occurred while \output is active []

LaTeX Info: Redefining \. on input line 74.
LaTeX Info: Redefining \% on input line 74.
 [51]
Underfull \vbox (badness 10000) has occurred while \output is active []

LaTeX Info: Redefining \. on input line 78.
LaTeX Info: Redefining \% on input line 78.
 [52 <./Cap5/Figuras/componentes.png>]
<Cap5/Figuras/hexagonal.png, id=712, 848.4197pt x 588.69937pt>
File: Cap5/Figuras/hexagonal.png Graphic file (type png)
<use Cap5/Figuras/hexagonal.png>
Package pdftex.def Info: Cap5/Figuras/hexagonal.png  used on input line 84.
(pdftex.def)             Requested size: 422.52585pt x 293.18118pt.

Underfull \vbox (badness 3019) has occurred while \output is active []

LaTeX Info: Redefining \. on input line 90.
LaTeX Info: Redefining \% on input line 90.
 [53 <./Cap5/Figuras/hexagonal.png>]
<Cap5/Figuras/capas.png, id=722, 6114.845pt x 2027.575pt>
File: Cap5/Figuras/capas.png Graphic file (type png)
<use Cap5/Figuras/capas.png>
Package pdftex.def Info: Cap5/Figuras/capas.png  used on input line 101.
(pdftex.def)             Requested size: 469.41696pt x 155.6504pt.
)
LaTeX Info: Redefining \. on input line 125.
LaTeX Info: Redefining \% on input line 125.
 [54 <./Cap5/Figuras/capas.png>]
\openout2 = `Cap6/Cap6.aux'.

 (Cap6/Cap6.tex

LaTeX Warning: Citation 'patterndesign' on page 55 undefined on input line 21.

[55




]

LaTeX Warning: Citation 'Strategy' on page 56 undefined on input line 28.


LaTeX Warning: Citation 'fowler1999refactoring' on page 56 undefined on input line 30.

<Cap6/Figuras/strategy.png, id=741, 2273.49374pt x 2262.4525pt>
File: Cap6/Figuras/strategy.png Graphic file (type png)
<use Cap6/Figuras/strategy.png>
Package pdftex.def Info: Cap6/Figuras/strategy.png  used on input line 39.
(pdftex.def)             Requested size: 469.46893pt x 467.18895pt.

LaTeX Warning: `!h' float specifier changed to `!ht'.

LaTeX Info: Redefining \. on input line 44.
LaTeX Info: Redefining \% on input line 44.
[56]
LaTeX Info: Redefining \. on input line 48.
LaTeX Info: Redefining \% on input line 48.
 [57 <./Cap6/Figuras/strategy.png>]
Overfull \hbox (49.71379pt too wide) in paragraph at lines 49--50
\T1/cmr/m/n/12 m-to-dos co-mo \T1/cmtt/m/n/12 validate(MultipartFile file) \T1/cmr/m/n/12 pa-ra ve-ri-fi-car in-te-gri-dad, \T1/cmtt/m/n/12 getSupportedMimeTypes()
 []

<Cap6/Figuras/FileValidator.png, id=756, 409.53pt x 283.0575pt>
File: Cap6/Figuras/FileValidator.png Graphic file (type png)
<use Cap6/Figuras/FileValidator.png>
Package pdftex.def Info: Cap6/Figuras/FileValidator.png  used on input line 53.
(pdftex.def)             Requested size: 469.49983pt x 324.50723pt.
LaTeX Info: Redefining \. on input line 59.
LaTeX Info: Redefining \% on input line 59.
[58 <./Cap6/Figuras/FileValidator.png>]
<Cap6/Figuras/PDFValidator.png, id=763, 518.6878pt x 401.24907pt>
File: Cap6/Figuras/PDFValidator.png Graphic file (type png)
<use Cap6/Figuras/PDFValidator.png>
Package pdftex.def Info: Cap6/Figuras/PDFValidator.png  used on input line 64.
(pdftex.def)             Requested size: 469.49774pt x 363.19637pt.
LaTeX Info: Redefining \. on input line 69.
LaTeX Info: Redefining \% on input line 69.
 [59 <./Cap6/Figuras/PDFValidator.png>]
<Cap6/Figuras/Excelvalidator.png, id=770, 523.20468pt x 389.95688pt>
File: Cap6/Figuras/Excelvalidator.png Graphic file (type png)
<use Cap6/Figuras/Excelvalidator.png>
Package pdftex.def Info: Cap6/Figuras/Excelvalidator.png  used on input line 74.
(pdftex.def)             Requested size: 469.48276pt x 349.91664pt.


LaTeX Warning: Citation 'Observer' on page 60 undefined on input line 83.

LaTeX Info: Redefining \. on input line 87.
LaTeX Info: Redefining \% on input line 87.
[60 <./Cap6/Figuras/Excelvalidator.png>]
<Cap6/Figuras/observer.png, id=778, 3375.61125pt x 2266.4675pt>
File: Cap6/Figuras/observer.png Graphic file (type png)
<use Cap6/Figuras/observer.png>
Package pdftex.def Info: Cap6/Figuras/observer.png  used on input line 92.
(pdftex.def)             Requested size: 469.4404pt x 315.1937pt.
LaTeX Info: Redefining \. on input line 100.
LaTeX Info: Redefining \% on input line 100.
 [61 <./Cap6/Figuras/observer.png>]
Overfull \hbox (43.49452pt too wide) in paragraph at lines 109--110
[]\T1/cmr/m/n/12 El lis-te-ner pro-ce-sa el even-to y ac-tua-li-za la ba-se de da-tos me-dian-te la in-ter-faz \T1/cmtt/m/n/12 IUsageCostCenter\T1/cmr/m/n/12 ,
 []

<Cap6/Figuras/publisher.png, id=789, 682.04813pt x 324.46219pt>
File: Cap6/Figuras/publisher.png Graphic file (type png)
<use Cap6/Figuras/publisher.png>
Package pdftex.def Info: Cap6/Figuras/publisher.png  used on input line 131.
(pdftex.def)             Requested size: 469.47932pt x 223.3395pt.

LaTeX Warning: `!h' float specifier changed to `!ht'.

LaTeX Info: Redefining \. on input line 136.
LaTeX Info: Redefining \% on input line 136.
[62]
<Cap6/Figuras/handler.png, id=795, 769.37437pt x 161.85469pt>
File: Cap6/Figuras/handler.png Graphic file (type png)
<use Cap6/Figuras/handler.png>
Package pdftex.def Info: Cap6/Figuras/handler.png  used on input line 141.
(pdftex.def)             Requested size: 469.48204pt x 98.76578pt.
LaTeX Info: Redefining \. on input line 159.
LaTeX Info: Redefining \% on input line 159.
 [63 <./Cap6/Figuras/publisher.png> <./Cap6/Figuras/handler.png>]
<Cap6/Figuras/listener.png, id=803, 706.13812pt x 621.07031pt>
File: Cap6/Figuras/listener.png Graphic file (type png)
<use Cap6/Figuras/listener.png>
Package pdftex.def Info: Cap6/Figuras/listener.png  used on input line 166.
(pdftex.def)             Requested size: 469.46822pt x 412.9118pt.

Underfull \vbox (badness 10000) has occurred while \output is active []

LaTeX Info: Redefining \. on input line 177.
LaTeX Info: Redefining \% on input line 177.
 [64 <./Cap6/Figuras/listener.png>]
<Cap6/Figuras/notificacion.png, id=811, 1020.81375pt x 316.93407pt>
File: Cap6/Figuras/notificacion.png Graphic file (type png)
<use Cap6/Figuras/notificacion.png>
Package pdftex.def Info: Cap6/Figuras/notificacion.png  used on input line 180.
(pdftex.def)             Requested size: 375.5768pt x 116.60606pt.
<Cap6/Figuras/botones.png, id=812, 1086.30844pt x 451.6875pt>
File: Cap6/Figuras/botones.png Graphic file (type png)
<use Cap6/Figuras/botones.png>
Package pdftex.def Info: Cap6/Figuras/botones.png  used on input line 187.
(pdftex.def)             Requested size: 375.57245pt x 156.16318pt.
LaTeX Info: Redefining \. on input line 198.
LaTeX Info: Redefining \% on input line 198.
 [65 <./Cap6/Figuras/notificacion.png> <./Cap6/Figuras/botones.png>]
<Cap6/Figuras/variablescss.png, id=820, 606.01407pt x 488.57532pt>
File: Cap6/Figuras/variablescss.png Graphic file (type png)
<use Cap6/Figuras/variablescss.png>
Package pdftex.def Info: Cap6/Figuras/variablescss.png  used on input line 201.
(pdftex.def)             Requested size: 375.57689pt x 302.79428pt.
<Cap6/Figuras/tipografia.png, id=822, 633.11531pt x 735.49782pt>
File: Cap6/Figuras/tipografia.png Graphic file (type png)
<use Cap6/Figuras/tipografia.png>
Package pdftex.def Info: Cap6/Figuras/tipografia.png  used on input line 213.
(pdftex.def)             Requested size: 469.48337pt x 545.4046pt.


LaTeX Warning: `!h' float specifier changed to `!ht'.

LaTeX Info: Redefining \. on input line 218.
LaTeX Info: Redefining \% on input line 218.
[66 <./Cap6/Figuras/variablescss.png>]
<Cap6/Figuras/utilitarias.png, id=830, 1144.275pt x 613.54219pt>
File: Cap6/Figuras/utilitarias.png Graphic file (type png)
<use Cap6/Figuras/utilitarias.png>
Package pdftex.def Info: Cap6/Figuras/utilitarias.png  used on input line 223.
(pdftex.def)             Requested size: 469.47006pt x 251.72244pt.

Underfull \vbox (badness 1496) has occurred while \output is active []

LaTeX Info: Redefining \. on input line 226.
LaTeX Info: Redefining \% on input line 226.
 [67 <./Cap6/Figuras/tipografia.png>])
LaTeX Info: Redefining \. on input line 126.
LaTeX Info: Redefining \% on input line 126.
 [68 <./Cap6/Figuras/utilitarias.png>]
\openout2 = `Cap7/Cap7.aux'.

 (Cap7/Cap7.tex [69




]
<Cap7/Figuras/testCatalogue.png, id=847, 362.85562pt x 181.42781pt>
File: Cap7/Figuras/testCatalogue.png Graphic file (type png)
<use Cap7/Figuras/testCatalogue.png>
Package pdftex.def Info: Cap7/Figuras/testCatalogue.png  used on input line 25.
(pdftex.def)             Requested size: 328.63777pt x 164.31888pt.
<Cap7/Figuras/jacocoCataloguep1.png, id=851, 1126.96031pt x 455.45157pt>
File: Cap7/Figuras/jacocoCataloguep1.png Graphic file (type png)
<use Cap7/Figuras/jacocoCataloguep1.png>
Package pdftex.def Info: Cap7/Figuras/jacocoCataloguep1.png  used on input line 34.
(pdftex.def)             Requested size: 469.4682pt x 189.73163pt.
<Cap7/Figuras/jacocoCataloguep2.png, id=852, 1120.185pt x 466.74374pt>
File: Cap7/Figuras/jacocoCataloguep2.png Graphic file (type png)
<use Cap7/Figuras/jacocoCataloguep2.png>
Package pdftex.def Info: Cap7/Figuras/jacocoCataloguep2.png  used on input line 41.
(pdftex.def)             Requested size: 469.46603pt x 195.61084pt.


LaTeX Warning: `!h' float specifier changed to `!ht'.

<Cap7/Figuras/jacocoCataloguep3.png, id=853, 1120.185pt x 387.69844pt>
File: Cap7/Figuras/jacocoCataloguep3.png Graphic file (type png)
<use Cap7/Figuras/jacocoCataloguep3.png>
Package pdftex.def Info: Cap7/Figuras/jacocoCataloguep3.png  used on input line 48.
(pdftex.def)             Requested size: 469.46603pt x 162.48318pt.

LaTeX Warning: `!h' float specifier changed to `!ht'.

LaTeX Info: Redefining \. on input line 53.
LaTeX Info: Redefining \% on input line 53.
[70 <./Cap7/Figuras/testCatalogue.png> <./Cap7/Figuras/jacocoCataloguep1.png>]
<Cap7/Figuras/testConfiguracion.png, id=861, 319.1925pt x 177.66376pt>
File: Cap7/Figuras/testConfiguracion.png Graphic file (type png)
<use Cap7/Figuras/testConfiguracion.png>
Package pdftex.def Info: Cap7/Figuras/testConfiguracion.png  used on input line 61.
(pdftex.def)             Requested size: 328.63069pt x 182.91708pt.


LaTeX Warning: `!h' float specifier changed to `!ht'.

LaTeX Info: Redefining \. on input line 66.
LaTeX Info: Redefining \% on input line 66.
[71 <./Cap7/Figuras/jacocoCataloguep2.png> <./Cap7/Figuras/jacocoCataloguep3.png>]
<Cap7/Figuras/jacocoConfig1.png, id=870, 1088.56688pt x 484.05844pt>
File: Cap7/Figuras/jacocoConfig1.png Graphic file (type png)
<use Cap7/Figuras/jacocoConfig1.png>
Package pdftex.def Info: Cap7/Figuras/jacocoConfig1.png  used on input line 72.
(pdftex.def)             Requested size: 469.4699pt x 208.7615pt.
<Cap7/Figuras/jacocoConfig2.png, id=871, 1090.0725pt x 372.64218pt>
File: Cap7/Figuras/jacocoConfig2.png Graphic file (type png)
<use Cap7/Figuras/jacocoConfig2.png>
Package pdftex.def Info: Cap7/Figuras/jacocoConfig2.png  used on input line 79.
(pdftex.def)             Requested size: 469.47054pt x 160.48888pt.


LaTeX Warning: `!h' float specifier changed to `!ht'.

LaTeX Info: Redefining \. on input line 84.
LaTeX Info: Redefining \% on input line 84.
[72 <./Cap7/Figuras/testConfiguracion.png> <./Cap7/Figuras/jacocoConfig1.png>]
<Cap7/Figuras/testProductos.png, id=880, 328.22626pt x 190.46156pt>
File: Cap7/Figuras/testProductos.png Graphic file (type png)
<use Cap7/Figuras/testProductos.png>
Package pdftex.def Info: Cap7/Figuras/testProductos.png  used on input line 93.
(pdftex.def)             Requested size: 328.63112pt x 190.69647pt.
<Cap7/Figuras/jacocoProductos.png, id=882, 1024.57782pt x 583.42969pt>
File: Cap7/Figuras/jacocoProductos.png Graphic file (type png)
<use Cap7/Figuras/jacocoProductos.png>
Package pdftex.def Info: Cap7/Figuras/jacocoProductos.png  used on input line 102.
(pdftex.def)             Requested size: 469.46674pt x 267.33043pt.


LaTeX Warning: `!h' float specifier changed to `!ht'.

LaTeX Info: Redefining \. on input line 107.
LaTeX Info: Redefining \% on input line 107.
[73 <./Cap7/Figuras/jacocoConfig2.png> <./Cap7/Figuras/testProductos.png>]
<Cap7/Figuras/testTerceros.png, id=890, 347.79938pt x 180.675pt>
File: Cap7/Figuras/testTerceros.png Graphic file (type png)
<use Cap7/Figuras/testTerceros.png>
Package pdftex.def Info: Cap7/Figuras/testTerceros.png  used on input line 115.
(pdftex.def)             Requested size: 328.6403pt x 170.72221pt.
<Cap7/Figuras/jacocoTerceros.png, id=892, 1099.85907pt x 581.17125pt>
File: Cap7/Figuras/jacocoTerceros.png Graphic file (type png)
<use Cap7/Figuras/jacocoTerceros.png>
Package pdftex.def Info: Cap7/Figuras/jacocoTerceros.png  used on input line 124.
(pdftex.def)             Requested size: 469.47299pt x 248.07196pt.

Underfull \vbox (badness 1490) has occurred while \output is active []

LaTeX Info: Redefining \. on input line 127.
LaTeX Info: Redefining \% on input line 127.
 [74 <./Cap7/Figuras/jacocoProductos.png> <./Cap7/Figuras/testTerceros.png>]
LaTeX Info: Redefining \. on input line 140.
LaTeX Info: Redefining \% on input line 140.
 [75 <./Cap7/Figuras/jacocoTerceros.png>]
LaTeX Info: Redefining \. on input line 165.
LaTeX Info: Redefining \% on input line 165.
 [76]
<Cap7/Figuras/postman.png, id=911, 279.29344pt x 367.3725pt>
File: Cap7/Figuras/postman.png Graphic file (type png)
<use Cap7/Figuras/postman.png>
Package pdftex.def Info: Cap7/Figuras/postman.png  used on input line 168.
(pdftex.def)             Requested size: 234.74126pt x 308.77016pt.
LaTeX Info: Redefining \. on input line 180.
LaTeX Info: Redefining \% on input line 180.
 [77 <./Cap7/Figuras/postman.png>]
<Cap7/Figuras/postmanscripts.png, id=918, 713.66624pt x 487.06969pt>
File: Cap7/Figuras/postmanscripts.png Graphic file (type png)
<use Cap7/Figuras/postmanscripts.png>
Package pdftex.def Info: Cap7/Figuras/postmanscripts.png  used on input line 185.
(pdftex.def)             Requested size: 469.47484pt x 320.41162pt.
LaTeX Info: Redefining \. on input line 195.
LaTeX Info: Redefining \% on input line 195.
 [78 <./Cap7/Figuras/postmanscripts.png>])
LaTeX Info: Redefining \. on input line 127.
LaTeX Info: Redefining \% on input line 127.
 [79]
\openout2 = `Cap8/Cap8.aux'.

 (Cap8/Cap8.tex) [80




]
\openout2 = `Anexos/Anexos.aux'.

 (Anexos/Anexos.tex

Class scrbook Warning: You are using `\begin{appendix}...\end{appendix}'.
(scrbook)              You should note, that `\appendix' is a mostly globally
(scrbook)              working command not an enviroment with only local
(scrbook)              effects. Therefore `\end{appendix}' will neither
(scrbook)              switch back to normal section numbering nor finish
(scrbook)              every other effect of `\begin{appendix}'.
(scrbook)              Nevertheless, some effects may end with
(scrbook)              `\end{appendix}' and the document may become
(scrbook)              inconsistent.
(scrbook)              Because of this, you should remove `\end{appendix}'
(scrbook)              and replace `\begin{appendix}' by command
(scrbook)              `\appendix' on input line 1.

chapter A.

Underfull \hbox (badness 10000) in paragraph at lines 3--4

 []

[81




]
chapter B.

Underfull \hbox (badness 10000) in paragraph at lines 6--7

 []

[82

]
chapter C.

Underfull \hbox (badness 10000) in paragraph at lines 9--10

 []


Underfull \hbox (badness 10000) in paragraph at lines 11--12

 []


Underfull \hbox (badness 10000) in paragraph at lines 13--14

 []

) [83

]
Overfull \hbox (14.4432pt too wide) in paragraph at lines 134--134
\T1/cmr/m/n/12 soft-wa-re use and ICT com-pe-ten-cies''. En: \T1/cmr/m/it/12 Ac-coun-ting Edu-ca-tion \T1/cmr/m/n/12 30.5 (2021), pgs. 495[]524.
 []

[84



]
Overfull \hbox (15.38635pt too wide) in paragraph at lines 134--134
[]\T1/cmr/m/it/12 Framework - Wi-ki-pe-dia, la en-ci-clo-pe-dia li-bre --- es.wikipedia.org\T1/cmr/m/n/12 . [][]$\T1/cmtt/m/n/12 https : / / es . wikipedia .
 []


Overfull \hbox (6.54416pt too wide) in paragraph at lines 134--134
\T1/cmtt/m/n/12 ifac . org / knowledge -[] gateway / developing -[] accountancy -[] profession / discussion /
 []

LaTeX Info: Redefining \. on input line 133.
LaTeX Info: Redefining \% on input line 133.
[85]
Overfull \hbox (6.9406pt too wide) in paragraph at lines 134--134
\T1/cmr/m/n/12 Shi-va Raj Pokh-rel y Gang Li. Sin-ga-po-re: Sprin-ger Na-tu-re Sin-ga-po-re, 2023, pgs. 243[]257. 
 []


Overfull \hbox (19.22954pt too wide) in paragraph at lines 134--134
\T1/cmr/m/n/12 lear-ning (CAL)''. En: \T1/cmr/m/it/12 Cons-truc-tion Ma-na-ge-ment and Eco-no-mics \T1/cmr/m/n/12 13.5 (1995), pgs. 435[]439.
 []

LaTeX Info: Redefining \. on input line 133.
LaTeX Info: Redefining \% on input line 133.
[86]
LaTeX Info: Redefining \. on input line 134.
LaTeX Info: Redefining \% on input line 134.
 [87] (PlantillaTesis.aux (HojaTitulo/HojaTituloMSc.aux)
LaTeX Info: Redefining \sptext on input line 18.
LaTeX Info: Redefining \. on input line 18.
LaTeX Info: Redefining \% on input line 18.
 (Cap1/Cap1.aux) (Cap2/Cap2.aux) (Cap3/Cap3.aux) (Cap4/Cap4.aux) (Cap5/Cap5.aux) (Cap6/Cap6.aux) (Cap7/Cap7.aux) (Cap8/Cap8.aux) (Anexos/Anexos.aux))
 ***********
LaTeX2e <2025-11-01>
L3 programming layer <2025-10-24>
 ***********


LaTeX Font Warning: Some font shapes were not available, defaults substituted.


LaTeX Warning: There were undefined references.


Package biblatex Warning: Please (re)run BibTeX on the file(s):
(biblatex)                PlantillaTesis
(biblatex)                and rerun LaTeX afterwards.

Package logreq Info: Writing requests to 'PlantillaTesis.run.xml'.
\openout1 = `PlantillaTesis.run.xml'.

 ) 
Here is how much of TeX's memory you used:
 27323 strings out of 467870
 521749 string characters out of 5418838
 1316640 words of memory out of 5000000
 55457 multiletter control sequences out of 15000+600000
 645781 words of font info for 75 fonts, out of 8000000 for 9000
 1141 hyphenation exceptions out of 8191
 108i,14n,107p,11328b,2495s stack positions out of 10000i,1000n,20000p,200000b,200000s
 <C:\Users\John\AppData\Local\MiKTeX\fonts/pk/ljfour/jknappen/ec/dpi600\tcti1200.pk> <C:\Users\John\AppData\Local\MiKTeX\fonts/pk/ljfour/jknappen/ec/dpi600\tcrm1200.pk> <C:\Users\John\AppData\Local\MiKTeX\fonts/pk/ljfour/jknappen/ec/dpi600\ecti1200.pk> <C:\Users\John\AppData\Local\MiKTeX\fonts/pk/ljfour/jknappen/ec/dpi600\ecbx1200.pk> <C:\Users\John\AppData\Local\MiKTeX\fonts/pk/ljfour/jknappen/ec/dpi600\ecrm1000.pk> <C:\Users\John\AppData\Local\MiKTeX\fonts/pk/ljfour/jknappen/ec/dpi600\ecrm0700.pk> <C:\Users\John\AppData\Local\MiKTeX\fonts/pk/ljfour/jknappen/ec/dpi600\ecrm0800.pk> <C:\Users\John\AppData\Local\MiKTeX\fonts/pk/ljfour/jknappen/ec/dpi600\ecsx1440.pk> <C:\Users\John\AppData\Local\MiKTeX\fonts/pk/ljfour/jknappen/ec/dpi600\ecsx1728.pk> <C:\Users\John\AppData\Local\MiKTeX\fonts/pk/ljfour/jknappen/ec/dpi600\ectt1200.pk> <C:\Users\John\AppData\Local\MiKTeX\fonts/pk/ljfour/jknappen/ec/dpi600\eccc1200.pk> <C:\Users\John\AppData\Local\MiKTeX\fonts/pk/ljfour/jknappen/ec/dpi600\ecrm1200.pk> <C:\Users\John\AppData\Local\MiKTeX\fonts/pk/ljfour/jknappen/ec/dpi600\ecsx0800.pk> <C:\Users\John\AppData\Local\MiKTeX\fonts/pk/ljfour/jknappen/ec/dpi600\ecsx1200.pk> <C:\Users\John\AppData\Local\MiKTeX\fonts/pk/ljfour/jknappen/ec/dpi600\ecsx2488.pk> <C:\Users\John\AppData\Local\MiKTeX\fonts/pk/ljfour/jknappen/ec/dpi600\ecrm1728.pk> <C:\Users\John\AppData\Local\MiKTeX\fonts/pk/ljfour/jknappen/ec/dpi600\ecbx1728.pk><C:/Users/John/AppData/Local/Programs/MiKTeX/fonts/type1/public/calligra-type1/callig15.pfb>
Output written on PlantillaTesis.pdf (94 pages, 8231390 bytes).
PDF statistics:
 2015 PDF objects out of 2073 (max. 8388607)
 307 named destinations out of 1000 (max. 500000)
 864 words of extra memory for PDF output out of 10000 (max. 10000000)

